{"D:\\OneDrive\\OneDrive - id.uff.br\\Faculdade\\2023.1\\Engenharia de Software II\\Projeto-War\\src\\model\\map\\territories\\continent.js": {"path":"D:\\OneDrive\\OneDrive - id.uff.br\\Faculdade\\2023.1\\Engenharia de Software II\\Projeto-War\\src\\model\\map\\territories\\continent.js","statementMap":{"0":{"start":{"line":10,"column":8},"end":{"line":10,"column":26}},"1":{"start":{"line":11,"column":8},"end":{"line":11,"column":29}},"2":{"start":{"line":12,"column":8},"end":{"line":12,"column":28}},"3":{"start":{"line":13,"column":8},"end":{"line":13,"column":27}},"4":{"start":{"line":17,"column":8},"end":{"line":17,"column":38}},"5":{"start":{"line":21,"column":8},"end":{"line":21,"column":26}},"6":{"start":{"line":25,"column":8},"end":{"line":25,"column":31}},"7":{"start":{"line":29,"column":8},"end":{"line":29,"column":27}},"8":{"start":{"line":33,"column":8},"end":{"line":33,"column":27}},"9":{"start":{"line":37,"column":8},"end":{"line":37,"column":28}}},"fnMap":{"0":{"name":"(anonymous_0)","decl":{"start":{"line":9,"column":4},"end":{"line":9,"column":5}},"loc":{"start":{"line":9,"column":29},"end":{"line":14,"column":5}},"line":9},"1":{"name":"(anonymous_1)","decl":{"start":{"line":16,"column":4},"end":{"line":16,"column":5}},"loc":{"start":{"line":16,"column":24},"end":{"line":18,"column":5}},"line":16},"2":{"name":"(anonymous_2)","decl":{"start":{"line":20,"column":4},"end":{"line":20,"column":5}},"loc":{"start":{"line":20,"column":15},"end":{"line":22,"column":5}},"line":20},"3":{"name":"(anonymous_3)","decl":{"start":{"line":24,"column":4},"end":{"line":24,"column":5}},"loc":{"start":{"line":24,"column":20},"end":{"line":26,"column":5}},"line":24},"4":{"name":"(anonymous_4)","decl":{"start":{"line":28,"column":4},"end":{"line":28,"column":5}},"loc":{"start":{"line":28,"column":16},"end":{"line":30,"column":5}},"line":28},"5":{"name":"(anonymous_5)","decl":{"start":{"line":32,"column":4},"end":{"line":32,"column":5}},"loc":{"start":{"line":32,"column":15},"end":{"line":34,"column":5}},"line":32},"6":{"name":"(anonymous_6)","decl":{"start":{"line":36,"column":4},"end":{"line":36,"column":5}},"loc":{"start":{"line":36,"column":20},"end":{"line":38,"column":5}},"line":36}},"branchMap":{},"s":{"0":0,"1":0,"2":0,"3":0,"4":0,"5":0,"6":0,"7":0,"8":0,"9":0},"f":{"0":0,"1":0,"2":0,"3":0,"4":0,"5":0,"6":0},"b":{},"_coverageSchema":"1a1c01bbd47fc00a2c39e90264f33305004495a9","hash":"bfcc59985530016d12e1eef7960b4add21d3050c"}
,"D:\\OneDrive\\OneDrive - id.uff.br\\Faculdade\\2023.1\\Engenharia de Software II\\Projeto-War\\src\\model\\map\\territories\\country.js": {"path":"D:\\OneDrive\\OneDrive - id.uff.br\\Faculdade\\2023.1\\Engenharia de Software II\\Projeto-War\\src\\model\\map\\territories\\country.js","statementMap":{"0":{"start":{"line":17,"column":8},"end":{"line":17,"column":26}},"1":{"start":{"line":18,"column":8},"end":{"line":18,"column":26}},"2":{"start":{"line":19,"column":8},"end":{"line":19,"column":36}},"3":{"start":{"line":20,"column":8},"end":{"line":20,"column":27}},"4":{"start":{"line":21,"column":8},"end":{"line":21,"column":36}},"5":{"start":{"line":22,"column":8},"end":{"line":22,"column":27}},"6":{"start":{"line":26,"column":8},"end":{"line":26,"column":26}},"7":{"start":{"line":30,"column":8},"end":{"line":30,"column":26}},"8":{"start":{"line":34,"column":8},"end":{"line":34,"column":31}},"9":{"start":{"line":38,"column":8},"end":{"line":38,"column":27}},"10":{"start":{"line":42,"column":8},"end":{"line":42,"column":31}},"11":{"start":{"line":46,"column":8},"end":{"line":46,"column":30}},"12":{"start":{"line":50,"column":8},"end":{"line":50,"column":26}},"13":{"start":{"line":54,"column":8},"end":{"line":54,"column":31}},"14":{"start":{"line":58,"column":8},"end":{"line":58,"column":36}},"15":{"start":{"line":59,"column":8},"end":{"line":59,"column":35}},"16":{"start":{"line":63,"column":8},"end":{"line":63,"column":31}},"17":{"start":{"line":67,"column":8},"end":{"line":67,"column":34}},"18":{"start":{"line":72,"column":8},"end":{"line":76,"column":9}},"19":{"start":{"line":72,"column":20},"end":{"line":72,"column":21}},"20":{"start":{"line":73,"column":12},"end":{"line":75,"column":13}},"21":{"start":{"line":74,"column":16},"end":{"line":74,"column":25}},"22":{"start":{"line":77,"column":8},"end":{"line":77,"column":18}},"23":{"start":{"line":81,"column":8},"end":{"line":81,"column":90}},"24":{"start":{"line":82,"column":8},"end":{"line":82,"column":45}},"25":{"start":{"line":83,"column":8},"end":{"line":83,"column":100}},"26":{"start":{"line":84,"column":8},"end":{"line":84,"column":50}},"27":{"start":{"line":88,"column":8},"end":{"line":88,"column":75}},"28":{"start":{"line":89,"column":8},"end":{"line":89,"column":81}},"29":{"start":{"line":90,"column":8},"end":{"line":90,"column":70}},"30":{"start":{"line":92,"column":8},"end":{"line":92,"column":80}},"31":{"start":{"line":93,"column":8},"end":{"line":93,"column":86}},"32":{"start":{"line":95,"column":8},"end":{"line":98,"column":79}},"33":{"start":{"line":95,"column":53},"end":{"line":95,"column":81}},"34":{"start":{"line":96,"column":12},"end":{"line":96,"column":82}},"35":{"start":{"line":98,"column":12},"end":{"line":98,"column":79}},"36":{"start":{"line":102,"column":8},"end":{"line":102,"column":32}},"37":{"start":{"line":103,"column":8},"end":{"line":103,"column":37}},"38":{"start":{"line":107,"column":8},"end":{"line":107,"column":38}},"39":{"start":{"line":108,"column":8},"end":{"line":108,"column":70}}},"fnMap":{"0":{"name":"(anonymous_0)","decl":{"start":{"line":16,"column":4},"end":{"line":16,"column":5}},"loc":{"start":{"line":16,"column":50},"end":{"line":23,"column":5}},"line":16},"1":{"name":"(anonymous_1)","decl":{"start":{"line":25,"column":4},"end":{"line":25,"column":5}},"loc":{"start":{"line":25,"column":15},"end":{"line":27,"column":5}},"line":25},"2":{"name":"(anonymous_2)","decl":{"start":{"line":29,"column":4},"end":{"line":29,"column":5}},"loc":{"start":{"line":29,"column":15},"end":{"line":31,"column":5}},"line":29},"3":{"name":"(anonymous_3)","decl":{"start":{"line":33,"column":4},"end":{"line":33,"column":5}},"loc":{"start":{"line":33,"column":20},"end":{"line":35,"column":5}},"line":33},"4":{"name":"(anonymous_4)","decl":{"start":{"line":37,"column":4},"end":{"line":37,"column":5}},"loc":{"start":{"line":37,"column":16},"end":{"line":39,"column":5}},"line":37},"5":{"name":"(anonymous_5)","decl":{"start":{"line":41,"column":4},"end":{"line":41,"column":5}},"loc":{"start":{"line":41,"column":20},"end":{"line":43,"column":5}},"line":41},"6":{"name":"(anonymous_6)","decl":{"start":{"line":45,"column":4},"end":{"line":45,"column":5}},"loc":{"start":{"line":45,"column":19},"end":{"line":47,"column":5}},"line":45},"7":{"name":"(anonymous_7)","decl":{"start":{"line":49,"column":4},"end":{"line":49,"column":5}},"loc":{"start":{"line":49,"column":14},"end":{"line":51,"column":5}},"line":49},"8":{"name":"(anonymous_8)","decl":{"start":{"line":53,"column":4},"end":{"line":53,"column":5}},"loc":{"start":{"line":53,"column":19},"end":{"line":55,"column":5}},"line":53},"9":{"name":"(anonymous_9)","decl":{"start":{"line":57,"column":4},"end":{"line":57,"column":5}},"loc":{"start":{"line":57,"column":29},"end":{"line":60,"column":5}},"line":57},"10":{"name":"(anonymous_10)","decl":{"start":{"line":62,"column":4},"end":{"line":62,"column":5}},"loc":{"start":{"line":62,"column":24},"end":{"line":64,"column":5}},"line":62},"11":{"name":"(anonymous_11)","decl":{"start":{"line":66,"column":4},"end":{"line":66,"column":5}},"loc":{"start":{"line":66,"column":27},"end":{"line":68,"column":5}},"line":66},"12":{"name":"(anonymous_12)","decl":{"start":{"line":71,"column":4},"end":{"line":71,"column":5}},"loc":{"start":{"line":71,"column":23},"end":{"line":78,"column":5}},"line":71},"13":{"name":"(anonymous_13)","decl":{"start":{"line":80,"column":4},"end":{"line":80,"column":5}},"loc":{"start":{"line":80,"column":46},"end":{"line":85,"column":5}},"line":80},"14":{"name":"(anonymous_14)","decl":{"start":{"line":87,"column":4},"end":{"line":87,"column":5}},"loc":{"start":{"line":87,"column":24},"end":{"line":99,"column":5}},"line":87},"15":{"name":"(anonymous_15)","decl":{"start":{"line":95,"column":36},"end":{"line":95,"column":37}},"loc":{"start":{"line":95,"column":53},"end":{"line":95,"column":81}},"line":95},"16":{"name":"(anonymous_16)","decl":{"start":{"line":101,"column":4},"end":{"line":101,"column":5}},"loc":{"start":{"line":101,"column":16},"end":{"line":104,"column":5}},"line":101},"17":{"name":"(anonymous_17)","decl":{"start":{"line":106,"column":4},"end":{"line":106,"column":5}},"loc":{"start":{"line":106,"column":17},"end":{"line":109,"column":5}},"line":106}},"branchMap":{"0":{"loc":{"start":{"line":73,"column":12},"end":{"line":75,"column":13}},"type":"if","locations":[{"start":{"line":73,"column":12},"end":{"line":75,"column":13}},{"start":{},"end":{}}],"line":73},"1":{"loc":{"start":{"line":95,"column":8},"end":{"line":98,"column":79}},"type":"if","locations":[{"start":{"line":95,"column":8},"end":{"line":98,"column":79}},{"start":{"line":98,"column":12},"end":{"line":98,"column":79}}],"line":95},"2":{"loc":{"start":{"line":95,"column":11},"end":{"line":95,"column":91}},"type":"binary-expr","locations":[{"start":{"line":95,"column":11},"end":{"line":95,"column":82}},{"start":{"line":95,"column":86},"end":{"line":95,"column":91}}],"line":95},"3":{"loc":{"start":{"line":95,"column":60},"end":{"line":95,"column":81}},"type":"binary-expr","locations":[{"start":{"line":95,"column":60},"end":{"line":95,"column":64}},{"start":{"line":95,"column":69},"end":{"line":95,"column":80}}],"line":95}},"s":{"0":0,"1":0,"2":0,"3":0,"4":0,"5":0,"6":0,"7":0,"8":0,"9":0,"10":0,"11":0,"12":0,"13":0,"14":0,"15":0,"16":0,"17":0,"18":0,"19":0,"20":0,"21":0,"22":0,"23":0,"24":0,"25":0,"26":0,"27":0,"28":0,"29":0,"30":0,"31":0,"32":0,"33":0,"34":0,"35":0,"36":0,"37":0,"38":0,"39":0},"f":{"0":0,"1":0,"2":0,"3":0,"4":0,"5":0,"6":0,"7":0,"8":0,"9":0,"10":0,"11":0,"12":0,"13":0,"14":0,"15":0,"16":0,"17":0},"b":{"0":[0,0],"1":[0,0],"2":[0,0],"3":[0,0]},"_coverageSchema":"1a1c01bbd47fc00a2c39e90264f33305004495a9","hash":"d1e795a378104ffae404fdbb70ac7892c829ae09"}
,"D:\\OneDrive\\OneDrive - id.uff.br\\Faculdade\\2023.1\\Engenharia de Software II\\Projeto-War\\src\\model\\map\\territories\\territory-controller.js": {"path":"D:\\OneDrive\\OneDrive - id.uff.br\\Faculdade\\2023.1\\Engenharia de Software II\\Projeto-War\\src\\model\\map\\territories\\territory-controller.js","statementMap":{"0":{"start":{"line":18,"column":8},"end":{"line":18,"column":30}},"1":{"start":{"line":19,"column":8},"end":{"line":19,"column":29}},"2":{"start":{"line":21,"column":8},"end":{"line":21,"column":36}},"3":{"start":{"line":22,"column":8},"end":{"line":22,"column":44}},"4":{"start":{"line":26,"column":21},"end":{"line":26,"column":76}},"5":{"start":{"line":27,"column":27},"end":{"line":27,"column":44}},"6":{"start":{"line":29,"column":8},"end":{"line":32,"column":9}},"7":{"start":{"line":29,"column":20},"end":{"line":29,"column":21}},"8":{"start":{"line":30,"column":31},"end":{"line":30,"column":95}},"9":{"start":{"line":31,"column":12},"end":{"line":31,"column":48}},"10":{"start":{"line":36,"column":30},"end":{"line":36,"column":83}},"11":{"start":{"line":37,"column":26},"end":{"line":37,"column":52}},"12":{"start":{"line":39,"column":8},"end":{"line":46,"column":9}},"13":{"start":{"line":39,"column":20},"end":{"line":39,"column":21}},"14":{"start":{"line":40,"column":30},"end":{"line":40,"column":104}},"15":{"start":{"line":40,"column":61},"end":{"line":40,"column":103}},"16":{"start":{"line":42,"column":29},"end":{"line":42,"column":128}},"17":{"start":{"line":43,"column":12},"end":{"line":43,"column":98}},"18":{"start":{"line":45,"column":12},"end":{"line":45,"column":45}},"19":{"start":{"line":50,"column":8},"end":{"line":50,"column":49}},"20":{"start":{"line":51,"column":8},"end":{"line":53,"column":9}},"21":{"start":{"line":52,"column":12},"end":{"line":52,"column":42}},"22":{"start":{"line":57,"column":8},"end":{"line":61,"column":9}},"23":{"start":{"line":57,"column":20},"end":{"line":57,"column":21}},"24":{"start":{"line":58,"column":12},"end":{"line":60,"column":13}},"25":{"start":{"line":59,"column":16},"end":{"line":59,"column":42}},"26":{"start":{"line":62,"column":8},"end":{"line":62,"column":20}},"27":{"start":{"line":66,"column":8},"end":{"line":66,"column":32}},"28":{"start":{"line":70,"column":8},"end":{"line":70,"column":31}},"29":{"start":{"line":74,"column":8},"end":{"line":76,"column":9}},"30":{"start":{"line":75,"column":12},"end":{"line":75,"column":50}},"31":{"start":{"line":77,"column":8},"end":{"line":83,"column":9}},"32":{"start":{"line":78,"column":12},"end":{"line":80,"column":13}},"33":{"start":{"line":79,"column":16},"end":{"line":79,"column":66}},"34":{"start":{"line":81,"column":12},"end":{"line":81,"column":33}},"35":{"start":{"line":82,"column":12},"end":{"line":82,"column":36}},"36":{"start":{"line":87,"column":20},"end":{"line":87,"column":22}},"37":{"start":{"line":89,"column":8},"end":{"line":92,"column":9}},"38":{"start":{"line":90,"column":12},"end":{"line":91,"column":41}},"39":{"start":{"line":91,"column":16},"end":{"line":91,"column":41}},"40":{"start":{"line":94,"column":8},"end":{"line":94,"column":19}},"41":{"start":{"line":99,"column":8},"end":{"line":102,"column":9}},"42":{"start":{"line":100,"column":12},"end":{"line":101,"column":31}},"43":{"start":{"line":101,"column":16},"end":{"line":101,"column":31}},"44":{"start":{"line":104,"column":8},"end":{"line":104,"column":20}}},"fnMap":{"0":{"name":"(anonymous_0)","decl":{"start":{"line":16,"column":4},"end":{"line":16,"column":5}},"loc":{"start":{"line":16,"column":25},"end":{"line":23,"column":5}},"line":16},"1":{"name":"(anonymous_1)","decl":{"start":{"line":25,"column":4},"end":{"line":25,"column":5}},"loc":{"start":{"line":25,"column":27},"end":{"line":33,"column":5}},"line":25},"2":{"name":"(anonymous_2)","decl":{"start":{"line":35,"column":4},"end":{"line":35,"column":5}},"loc":{"start":{"line":35,"column":43},"end":{"line":47,"column":5}},"line":35},"3":{"name":"(anonymous_3)","decl":{"start":{"line":40,"column":52},"end":{"line":40,"column":53}},"loc":{"start":{"line":40,"column":61},"end":{"line":40,"column":103}},"line":40},"4":{"name":"(anonymous_4)","decl":{"start":{"line":49,"column":4},"end":{"line":49,"column":5}},"loc":{"start":{"line":49,"column":38},"end":{"line":54,"column":5}},"line":49},"5":{"name":"(anonymous_5)","decl":{"start":{"line":56,"column":4},"end":{"line":56,"column":5}},"loc":{"start":{"line":56,"column":25},"end":{"line":63,"column":5}},"line":56},"6":{"name":"(anonymous_6)","decl":{"start":{"line":65,"column":4},"end":{"line":65,"column":5}},"loc":{"start":{"line":65,"column":21},"end":{"line":67,"column":5}},"line":65},"7":{"name":"(anonymous_7)","decl":{"start":{"line":69,"column":4},"end":{"line":69,"column":5}},"loc":{"start":{"line":69,"column":20},"end":{"line":71,"column":5}},"line":69},"8":{"name":"(anonymous_8)","decl":{"start":{"line":73,"column":4},"end":{"line":73,"column":5}},"loc":{"start":{"line":73,"column":42},"end":{"line":84,"column":5}},"line":73},"9":{"name":"(anonymous_9)","decl":{"start":{"line":86,"column":4},"end":{"line":86,"column":5}},"loc":{"start":{"line":86,"column":30},"end":{"line":95,"column":5}},"line":86},"10":{"name":"(anonymous_10)","decl":{"start":{"line":98,"column":4},"end":{"line":98,"column":5}},"loc":{"start":{"line":98,"column":32},"end":{"line":105,"column":5}},"line":98}},"branchMap":{"0":{"loc":{"start":{"line":51,"column":8},"end":{"line":53,"column":9}},"type":"if","locations":[{"start":{"line":51,"column":8},"end":{"line":53,"column":9}},{"start":{},"end":{}}],"line":51},"1":{"loc":{"start":{"line":58,"column":12},"end":{"line":60,"column":13}},"type":"if","locations":[{"start":{"line":58,"column":12},"end":{"line":60,"column":13}},{"start":{},"end":{}}],"line":58},"2":{"loc":{"start":{"line":74,"column":8},"end":{"line":76,"column":9}},"type":"if","locations":[{"start":{"line":74,"column":8},"end":{"line":76,"column":9}},{"start":{},"end":{}}],"line":74},"3":{"loc":{"start":{"line":74,"column":11},"end":{"line":74,"column":100}},"type":"binary-expr","locations":[{"start":{"line":74,"column":11},"end":{"line":74,"column":38}},{"start":{"line":74,"column":42},"end":{"line":74,"column":72}},{"start":{"line":74,"column":76},"end":{"line":74,"column":100}}],"line":74},"4":{"loc":{"start":{"line":77,"column":8},"end":{"line":83,"column":9}},"type":"if","locations":[{"start":{"line":77,"column":8},"end":{"line":83,"column":9}},{"start":{},"end":{}}],"line":77},"5":{"loc":{"start":{"line":78,"column":12},"end":{"line":80,"column":13}},"type":"if","locations":[{"start":{"line":78,"column":12},"end":{"line":80,"column":13}},{"start":{},"end":{}}],"line":78},"6":{"loc":{"start":{"line":90,"column":12},"end":{"line":91,"column":41}},"type":"if","locations":[{"start":{"line":90,"column":12},"end":{"line":91,"column":41}},{"start":{},"end":{}}],"line":90},"7":{"loc":{"start":{"line":100,"column":12},"end":{"line":101,"column":31}},"type":"if","locations":[{"start":{"line":100,"column":12},"end":{"line":101,"column":31}},{"start":{},"end":{}}],"line":100}},"s":{"0":0,"1":0,"2":0,"3":0,"4":0,"5":0,"6":0,"7":0,"8":0,"9":0,"10":0,"11":0,"12":0,"13":0,"14":0,"15":0,"16":0,"17":0,"18":0,"19":0,"20":0,"21":0,"22":0,"23":0,"24":0,"25":0,"26":0,"27":0,"28":0,"29":0,"30":0,"31":0,"32":0,"33":0,"34":0,"35":0,"36":0,"37":0,"38":0,"39":0,"40":0,"41":0,"42":0,"43":0,"44":0},"f":{"0":0,"1":0,"2":0,"3":0,"4":0,"5":0,"6":0,"7":0,"8":0,"9":0,"10":0},"b":{"0":[0,0],"1":[0,0],"2":[0,0],"3":[0,0,0],"4":[0,0],"5":[0,0],"6":[0,0],"7":[0,0]},"_coverageSchema":"1a1c01bbd47fc00a2c39e90264f33305004495a9","hash":"ac60da916d4667adefba919e8adc647850fb700c"}
,"D:\\OneDrive\\OneDrive - id.uff.br\\Faculdade\\2023.1\\Engenharia de Software II\\Projeto-War\\src\\model\\player\\player.js": {"path":"D:\\OneDrive\\OneDrive - id.uff.br\\Faculdade\\2023.1\\Engenharia de Software II\\Projeto-War\\src\\model\\player\\player.js","statementMap":{"0":{"start":{"line":21,"column":29},"end":{"line":21,"column":64}},"1":{"start":{"line":22,"column":29},"end":{"line":22,"column":66}},"2":{"start":{"line":24,"column":8},"end":{"line":24,"column":62}},"3":{"start":{"line":24,"column":30},"end":{"line":24,"column":62}},"4":{"start":{"line":26,"column":32},"end":{"line":26,"column":58}},"5":{"start":{"line":27,"column":32},"end":{"line":27,"column":59}},"6":{"start":{"line":30,"column":25},"end":{"line":30,"column":26}},"7":{"start":{"line":31,"column":26},"end":{"line":31,"column":27}},"8":{"start":{"line":33,"column":8},"end":{"line":33,"column":41}},"9":{"start":{"line":34,"column":8},"end":{"line":34,"column":41}},"10":{"start":{"line":36,"column":8},"end":{"line":36,"column":37}},"11":{"start":{"line":37,"column":8},"end":{"line":37,"column":37}},"12":{"start":{"line":39,"column":8},"end":{"line":45,"column":9}},"13":{"start":{"line":39,"column":21},"end":{"line":39,"column":22}},"14":{"start":{"line":40,"column":12},"end":{"line":44,"column":13}},"15":{"start":{"line":41,"column":16},"end":{"line":41,"column":29}},"16":{"start":{"line":43,"column":16},"end":{"line":43,"column":30}},"17":{"start":{"line":47,"column":8},"end":{"line":47,"column":93}},"18":{"start":{"line":49,"column":8},"end":{"line":49,"column":46}},"19":{"start":{"line":50,"column":8},"end":{"line":50,"column":64}},"20":{"start":{"line":51,"column":8},"end":{"line":51,"column":46}},"21":{"start":{"line":53,"column":8},"end":{"line":53,"column":26}},"22":{"start":{"line":57,"column":8},"end":{"line":61,"column":9}},"23":{"start":{"line":58,"column":23},"end":{"line":58,"column":41}},"24":{"start":{"line":59,"column":12},"end":{"line":59,"column":34}},"25":{"start":{"line":59,"column":25},"end":{"line":59,"column":34}},"26":{"start":{"line":60,"column":12},"end":{"line":60,"column":24}},"27":{"start":{"line":63,"column":19},"end":{"line":63,"column":35}},"28":{"start":{"line":64,"column":8},"end":{"line":64,"column":30}},"29":{"start":{"line":64,"column":21},"end":{"line":64,"column":30}},"30":{"start":{"line":65,"column":8},"end":{"line":65,"column":20}},"31":{"start":{"line":69,"column":8},"end":{"line":69,"column":62}},"32":{"start":{"line":69,"column":42},"end":{"line":69,"column":60}},"33":{"start":{"line":73,"column":8},"end":{"line":73,"column":48}},"34":{"start":{"line":88,"column":6},"end":{"line":88,"column":24}},"35":{"start":{"line":89,"column":6},"end":{"line":89,"column":26}},"36":{"start":{"line":90,"column":6},"end":{"line":90,"column":34}},"37":{"start":{"line":91,"column":6},"end":{"line":91,"column":33}},"38":{"start":{"line":92,"column":6},"end":{"line":92,"column":22}},"39":{"start":{"line":93,"column":6},"end":{"line":93,"column":24}},"40":{"start":{"line":94,"column":6},"end":{"line":94,"column":27}},"41":{"start":{"line":95,"column":6},"end":{"line":95,"column":54}},"42":{"start":{"line":99,"column":6},"end":{"line":99,"column":46}},"43":{"start":{"line":104,"column":8},"end":{"line":104,"column":56}},"44":{"start":{"line":109,"column":32},"end":{"line":109,"column":77}},"45":{"start":{"line":111,"column":8},"end":{"line":111,"column":54}},"46":{"start":{"line":111,"column":32},"end":{"line":111,"column":54}},"47":{"start":{"line":117,"column":8},"end":{"line":117,"column":45}},"48":{"start":{"line":121,"column":8},"end":{"line":124,"column":9}},"49":{"start":{"line":122,"column":12},"end":{"line":122,"column":60}},"50":{"start":{"line":123,"column":12},"end":{"line":123,"column":42}},"51":{"start":{"line":128,"column":18},"end":{"line":128,"column":19}},"52":{"start":{"line":129,"column":20},"end":{"line":129,"column":32}},"53":{"start":{"line":130,"column":8},"end":{"line":130,"column":41}},"54":{"start":{"line":131,"column":8},"end":{"line":131,"column":48}},"55":{"start":{"line":132,"column":8},"end":{"line":132,"column":25}},"56":{"start":{"line":134,"column":8},"end":{"line":136,"column":9}},"57":{"start":{"line":135,"column":12},"end":{"line":135,"column":31}},"58":{"start":{"line":138,"column":8},"end":{"line":141,"column":9}},"59":{"start":{"line":139,"column":12},"end":{"line":139,"column":28}},"60":{"start":{"line":140,"column":12},"end":{"line":140,"column":29}},"61":{"start":{"line":145,"column":8},"end":{"line":145,"column":26}},"62":{"start":{"line":149,"column":8},"end":{"line":149,"column":27}},"63":{"start":{"line":153,"column":8},"end":{"line":153,"column":32}},"64":{"start":{"line":157,"column":8},"end":{"line":157,"column":45}},"65":{"start":{"line":161,"column":8},"end":{"line":161,"column":38}},"66":{"start":{"line":165,"column":8},"end":{"line":165,"column":44}},"67":{"start":{"line":169,"column":8},"end":{"line":169,"column":37}},"68":{"start":{"line":173,"column":8},"end":{"line":173,"column":31}},"69":{"start":{"line":177,"column":8},"end":{"line":177,"column":29}},"70":{"start":{"line":181,"column":8},"end":{"line":181,"column":66}},"71":{"start":{"line":185,"column":8},"end":{"line":185,"column":27}},"72":{"start":{"line":189,"column":8},"end":{"line":189,"column":28}}},"fnMap":{"0":{"name":"(anonymous_0)","decl":{"start":{"line":16,"column":4},"end":{"line":16,"column":5}},"loc":{"start":{"line":16,"column":48},"end":{"line":54,"column":5}},"line":16},"1":{"name":"(anonymous_1)","decl":{"start":{"line":56,"column":4},"end":{"line":56,"column":5}},"loc":{"start":{"line":56,"column":33},"end":{"line":66,"column":5}},"line":56},"2":{"name":"(anonymous_2)","decl":{"start":{"line":68,"column":4},"end":{"line":68,"column":5}},"loc":{"start":{"line":68,"column":30},"end":{"line":70,"column":5}},"line":68},"3":{"name":"(anonymous_3)","decl":{"start":{"line":69,"column":35},"end":{"line":69,"column":36}},"loc":{"start":{"line":69,"column":42},"end":{"line":69,"column":60}},"line":69},"4":{"name":"(anonymous_4)","decl":{"start":{"line":72,"column":4},"end":{"line":72,"column":5}},"loc":{"start":{"line":72,"column":28},"end":{"line":74,"column":5}},"line":72},"5":{"name":"(anonymous_5)","decl":{"start":{"line":87,"column":4},"end":{"line":87,"column":5}},"loc":{"start":{"line":87,"column":56},"end":{"line":96,"column":5}},"line":87},"6":{"name":"(anonymous_6)","decl":{"start":{"line":98,"column":4},"end":{"line":98,"column":5}},"loc":{"start":{"line":98,"column":34},"end":{"line":100,"column":5}},"line":98},"7":{"name":"(anonymous_7)","decl":{"start":{"line":103,"column":4},"end":{"line":103,"column":5}},"loc":{"start":{"line":103,"column":17},"end":{"line":105,"column":5}},"line":103},"8":{"name":"(anonymous_8)","decl":{"start":{"line":107,"column":4},"end":{"line":107,"column":5}},"loc":{"start":{"line":107,"column":18},"end":{"line":118,"column":5}},"line":107},"9":{"name":"(anonymous_9)","decl":{"start":{"line":120,"column":4},"end":{"line":120,"column":5}},"loc":{"start":{"line":120,"column":32},"end":{"line":125,"column":5}},"line":120},"10":{"name":"(anonymous_10)","decl":{"start":{"line":127,"column":4},"end":{"line":127,"column":5}},"loc":{"start":{"line":127,"column":20},"end":{"line":142,"column":5}},"line":127},"11":{"name":"(anonymous_11)","decl":{"start":{"line":144,"column":4},"end":{"line":144,"column":5}},"loc":{"start":{"line":144,"column":14},"end":{"line":146,"column":5}},"line":144},"12":{"name":"(anonymous_12)","decl":{"start":{"line":148,"column":4},"end":{"line":148,"column":5}},"loc":{"start":{"line":148,"column":15},"end":{"line":150,"column":5}},"line":148},"13":{"name":"(anonymous_13)","decl":{"start":{"line":152,"column":4},"end":{"line":152,"column":5}},"loc":{"start":{"line":152,"column":20},"end":{"line":154,"column":5}},"line":152},"14":{"name":"(anonymous_14)","decl":{"start":{"line":156,"column":4},"end":{"line":156,"column":5}},"loc":{"start":{"line":156,"column":26},"end":{"line":158,"column":5}},"line":156},"15":{"name":"(anonymous_15)","decl":{"start":{"line":160,"column":4},"end":{"line":160,"column":5}},"loc":{"start":{"line":160,"column":29},"end":{"line":162,"column":5}},"line":160},"16":{"name":"(anonymous_16)","decl":{"start":{"line":164,"column":4},"end":{"line":164,"column":5}},"loc":{"start":{"line":164,"column":25},"end":{"line":166,"column":5}},"line":164},"17":{"name":"(anonymous_17)","decl":{"start":{"line":168,"column":4},"end":{"line":168,"column":5}},"loc":{"start":{"line":168,"column":28},"end":{"line":170,"column":5}},"line":168},"18":{"name":"(anonymous_18)","decl":{"start":{"line":172,"column":4},"end":{"line":172,"column":5}},"loc":{"start":{"line":172,"column":14},"end":{"line":174,"column":5}},"line":172},"19":{"name":"(anonymous_19)","decl":{"start":{"line":176,"column":4},"end":{"line":176,"column":5}},"loc":{"start":{"line":176,"column":16},"end":{"line":178,"column":5}},"line":176},"20":{"name":"(anonymous_20)","decl":{"start":{"line":180,"column":4},"end":{"line":180,"column":5}},"loc":{"start":{"line":180,"column":25},"end":{"line":182,"column":5}},"line":180},"21":{"name":"(anonymous_21)","decl":{"start":{"line":184,"column":4},"end":{"line":184,"column":5}},"loc":{"start":{"line":184,"column":15},"end":{"line":186,"column":5}},"line":184},"22":{"name":"(anonymous_22)","decl":{"start":{"line":188,"column":4},"end":{"line":188,"column":5}},"loc":{"start":{"line":188,"column":20},"end":{"line":190,"column":5}},"line":188}},"branchMap":{"0":{"loc":{"start":{"line":24,"column":8},"end":{"line":24,"column":62}},"type":"if","locations":[{"start":{"line":24,"column":8},"end":{"line":24,"column":62}},{"start":{},"end":{}}],"line":24},"1":{"loc":{"start":{"line":40,"column":12},"end":{"line":44,"column":13}},"type":"if","locations":[{"start":{"line":40,"column":12},"end":{"line":44,"column":13}},{"start":{"line":42,"column":19},"end":{"line":44,"column":13}}],"line":40},"2":{"loc":{"start":{"line":57,"column":8},"end":{"line":61,"column":9}},"type":"if","locations":[{"start":{"line":57,"column":8},"end":{"line":61,"column":9}},{"start":{},"end":{}}],"line":57},"3":{"loc":{"start":{"line":59,"column":12},"end":{"line":59,"column":34}},"type":"if","locations":[{"start":{"line":59,"column":12},"end":{"line":59,"column":34}},{"start":{},"end":{}}],"line":59},"4":{"loc":{"start":{"line":64,"column":8},"end":{"line":64,"column":30}},"type":"if","locations":[{"start":{"line":64,"column":8},"end":{"line":64,"column":30}},{"start":{},"end":{}}],"line":64},"5":{"loc":{"start":{"line":111,"column":8},"end":{"line":111,"column":54}},"type":"if","locations":[{"start":{"line":111,"column":8},"end":{"line":111,"column":54}},{"start":{},"end":{}}],"line":111},"6":{"loc":{"start":{"line":121,"column":8},"end":{"line":124,"column":9}},"type":"if","locations":[{"start":{"line":121,"column":8},"end":{"line":124,"column":9}},{"start":{},"end":{}}],"line":121},"7":{"loc":{"start":{"line":134,"column":8},"end":{"line":136,"column":9}},"type":"if","locations":[{"start":{"line":134,"column":8},"end":{"line":136,"column":9}},{"start":{},"end":{}}],"line":134},"8":{"loc":{"start":{"line":138,"column":8},"end":{"line":141,"column":9}},"type":"if","locations":[{"start":{"line":138,"column":8},"end":{"line":141,"column":9}},{"start":{},"end":{}}],"line":138}},"s":{"0":0,"1":0,"2":0,"3":0,"4":0,"5":0,"6":0,"7":0,"8":0,"9":0,"10":0,"11":0,"12":0,"13":0,"14":0,"15":0,"16":0,"17":0,"18":0,"19":0,"20":0,"21":0,"22":0,"23":0,"24":0,"25":0,"26":0,"27":0,"28":0,"29":0,"30":0,"31":0,"32":0,"33":0,"34":0,"35":0,"36":0,"37":0,"38":0,"39":0,"40":0,"41":0,"42":0,"43":0,"44":0,"45":0,"46":0,"47":0,"48":0,"49":0,"50":0,"51":0,"52":0,"53":0,"54":0,"55":0,"56":0,"57":0,"58":0,"59":0,"60":0,"61":0,"62":0,"63":0,"64":0,"65":0,"66":0,"67":0,"68":0,"69":0,"70":0,"71":0,"72":0},"f":{"0":0,"1":0,"2":0,"3":0,"4":0,"5":0,"6":0,"7":0,"8":0,"9":0,"10":0,"11":0,"12":0,"13":0,"14":0,"15":0,"16":0,"17":0,"18":0,"19":0,"20":0,"21":0,"22":0},"b":{"0":[0,0],"1":[0,0],"2":[0,0],"3":[0,0],"4":[0,0],"5":[0,0],"6":[0,0],"7":[0,0],"8":[0,0]},"_coverageSchema":"1a1c01bbd47fc00a2c39e90264f33305004495a9","hash":"450b50934062423e4db030b9f8a0f19c8bdebba8"}
,"D:\\OneDrive\\OneDrive - id.uff.br\\Faculdade\\2023.1\\Engenharia de Software II\\Projeto-War\\src\\model\\tools\\dice.js": {"path":"D:\\OneDrive\\OneDrive - id.uff.br\\Faculdade\\2023.1\\Engenharia de Software II\\Projeto-War\\src\\model\\tools\\dice.js","statementMap":{"0":{"start":{"line":3,"column":26},"end":{"line":3,"column":28}},"1":{"start":{"line":4,"column":8},"end":{"line":6,"column":9}},"2":{"start":{"line":4,"column":21},"end":{"line":4,"column":22}},"3":{"start":{"line":5,"column":12},"end":{"line":5,"column":62}},"4":{"start":{"line":7,"column":8},"end":{"line":7,"column":25}}},"fnMap":{"0":{"name":"(anonymous_0)","decl":{"start":{"line":2,"column":4},"end":{"line":2,"column":5}},"loc":{"start":{"line":2,"column":29},"end":{"line":8,"column":5}},"line":2}},"branchMap":{},"s":{"0":0,"1":0,"2":0,"3":0,"4":0},"f":{"0":0},"b":{},"_coverageSchema":"1a1c01bbd47fc00a2c39e90264f33305004495a9","hash":"97cb8c9455a6d70015709afa4e091a1c1a92b80e"}
,"D:\\OneDrive\\OneDrive - id.uff.br\\Faculdade\\2023.1\\Engenharia de Software II\\Projeto-War\\src\\model\\tools\\goal.js": {"path":"D:\\OneDrive\\OneDrive - id.uff.br\\Faculdade\\2023.1\\Engenharia de Software II\\Projeto-War\\src\\model\\tools\\goal.js","statementMap":{"0":{"start":{"line":6,"column":13},"end":{"line":6,"column":15}},"1":{"start":{"line":11,"column":8},"end":{"line":11,"column":34}},"2":{"start":{"line":15,"column":21},"end":{"line":15,"column":60}},"3":{"start":{"line":16,"column":22},"end":{"line":16,"column":39}},"4":{"start":{"line":18,"column":8},"end":{"line":18,"column":44}},"5":{"start":{"line":20,"column":8},"end":{"line":23,"column":9}},"6":{"start":{"line":20,"column":20},"end":{"line":20,"column":21}},"7":{"start":{"line":21,"column":23},"end":{"line":21,"column":36}},"8":{"start":{"line":22,"column":12},"end":{"line":22,"column":35}},"9":{"start":{"line":27,"column":26},"end":{"line":27,"column":47}},"10":{"start":{"line":28,"column":20},"end":{"line":28,"column":63}},"11":{"start":{"line":30,"column":8},"end":{"line":47,"column":9}},"12":{"start":{"line":31,"column":12},"end":{"line":44,"column":13}},"13":{"start":{"line":40,"column":16},"end":{"line":40,"column":45}},"14":{"start":{"line":42,"column":16},"end":{"line":42,"column":50}},"15":{"start":{"line":43,"column":16},"end":{"line":43,"column":56}},"16":{"start":{"line":46,"column":12},"end":{"line":46,"column":41}},"17":{"start":{"line":54,"column":8},"end":{"line":76,"column":9}},"18":{"start":{"line":56,"column":16},"end":{"line":56,"column":35}},"19":{"start":{"line":57,"column":16},"end":{"line":57,"column":22}},"20":{"start":{"line":59,"column":16},"end":{"line":59,"column":38}},"21":{"start":{"line":60,"column":16},"end":{"line":60,"column":22}},"22":{"start":{"line":62,"column":16},"end":{"line":62,"column":39}},"23":{"start":{"line":63,"column":16},"end":{"line":63,"column":22}},"24":{"start":{"line":65,"column":16},"end":{"line":65,"column":36}},"25":{"start":{"line":66,"column":16},"end":{"line":66,"column":22}},"26":{"start":{"line":68,"column":16},"end":{"line":68,"column":37}},"27":{"start":{"line":69,"column":16},"end":{"line":69,"column":22}},"28":{"start":{"line":71,"column":16},"end":{"line":71,"column":36}},"29":{"start":{"line":72,"column":16},"end":{"line":72,"column":22}},"30":{"start":{"line":74,"column":16},"end":{"line":74,"column":31}},"31":{"start":{"line":75,"column":16},"end":{"line":75,"column":22}},"32":{"start":{"line":78,"column":8},"end":{"line":78,"column":41}},"33":{"start":{"line":78,"column":28},"end":{"line":78,"column":41}},"34":{"start":{"line":80,"column":8},"end":{"line":88,"column":9}},"35":{"start":{"line":80,"column":20},"end":{"line":80,"column":21}},"36":{"start":{"line":81,"column":30},"end":{"line":81,"column":64}},"37":{"start":{"line":83,"column":12},"end":{"line":87,"column":13}},"38":{"start":{"line":84,"column":16},"end":{"line":86,"column":17}},"39":{"start":{"line":85,"column":20},"end":{"line":85,"column":32}},"40":{"start":{"line":89,"column":8},"end":{"line":89,"column":19}},"41":{"start":{"line":95,"column":25},"end":{"line":95,"column":27}},"42":{"start":{"line":96,"column":21},"end":{"line":96,"column":26}},"43":{"start":{"line":98,"column":8},"end":{"line":123,"column":9}},"44":{"start":{"line":100,"column":16},"end":{"line":100,"column":35}},"45":{"start":{"line":101,"column":16},"end":{"line":101,"column":51}},"46":{"start":{"line":102,"column":16},"end":{"line":102,"column":22}},"47":{"start":{"line":104,"column":16},"end":{"line":104,"column":35}},"48":{"start":{"line":105,"column":16},"end":{"line":105,"column":56}},"49":{"start":{"line":106,"column":16},"end":{"line":106,"column":22}},"50":{"start":{"line":108,"column":16},"end":{"line":108,"column":35}},"51":{"start":{"line":109,"column":16},"end":{"line":109,"column":58}},"52":{"start":{"line":110,"column":16},"end":{"line":110,"column":22}},"53":{"start":{"line":112,"column":16},"end":{"line":112,"column":35}},"54":{"start":{"line":113,"column":16},"end":{"line":113,"column":48}},"55":{"start":{"line":114,"column":16},"end":{"line":114,"column":22}},"56":{"start":{"line":116,"column":16},"end":{"line":116,"column":35}},"57":{"start":{"line":117,"column":16},"end":{"line":117,"column":60}},"58":{"start":{"line":118,"column":16},"end":{"line":118,"column":22}},"59":{"start":{"line":120,"column":16},"end":{"line":120,"column":35}},"60":{"start":{"line":121,"column":16},"end":{"line":121,"column":61}},"61":{"start":{"line":122,"column":16},"end":{"line":122,"column":22}},"62":{"start":{"line":125,"column":8},"end":{"line":127,"column":9}},"63":{"start":{"line":126,"column":12},"end":{"line":126,"column":98}},"64":{"start":{"line":126,"column":51},"end":{"line":126,"column":96}},"65":{"start":{"line":129,"column":8},"end":{"line":129,"column":21}},"66":{"start":{"line":139,"column":8},"end":{"line":148,"column":9}},"67":{"start":{"line":141,"column":16},"end":{"line":141,"column":36}},"68":{"start":{"line":142,"column":16},"end":{"line":142,"column":36}},"69":{"start":{"line":143,"column":16},"end":{"line":143,"column":22}},"70":{"start":{"line":145,"column":16},"end":{"line":145,"column":36}},"71":{"start":{"line":146,"column":16},"end":{"line":146,"column":36}},"72":{"start":{"line":147,"column":16},"end":{"line":147,"column":22}},"73":{"start":{"line":150,"column":8},"end":{"line":158,"column":9}},"74":{"start":{"line":151,"column":12},"end":{"line":157,"column":13}},"75":{"start":{"line":151,"column":24},"end":{"line":151,"column":25}},"76":{"start":{"line":152,"column":16},"end":{"line":156,"column":17}},"77":{"start":{"line":153,"column":20},"end":{"line":153,"column":34}},"78":{"start":{"line":155,"column":20},"end":{"line":155,"column":33}},"79":{"start":{"line":160,"column":8},"end":{"line":160,"column":22}},"80":{"start":{"line":165,"column":8},"end":{"line":177,"column":9}},"81":{"start":{"line":166,"column":12},"end":{"line":166,"column":26}},"82":{"start":{"line":167,"column":14},"end":{"line":177,"column":9}},"83":{"start":{"line":168,"column":12},"end":{"line":168,"column":29}},"84":{"start":{"line":169,"column":14},"end":{"line":177,"column":9}},"85":{"start":{"line":170,"column":12},"end":{"line":170,"column":30}},"86":{"start":{"line":171,"column":14},"end":{"line":177,"column":9}},"87":{"start":{"line":172,"column":12},"end":{"line":172,"column":27}},"88":{"start":{"line":173,"column":14},"end":{"line":177,"column":9}},"89":{"start":{"line":174,"column":12},"end":{"line":174,"column":28}},"90":{"start":{"line":175,"column":14},"end":{"line":177,"column":9}},"91":{"start":{"line":176,"column":12},"end":{"line":176,"column":27}}},"fnMap":{"0":{"name":"(anonymous_0)","decl":{"start":{"line":10,"column":4},"end":{"line":10,"column":5}},"loc":{"start":{"line":10,"column":17},"end":{"line":12,"column":5}},"line":10},"1":{"name":"(anonymous_1)","decl":{"start":{"line":14,"column":4},"end":{"line":14,"column":5}},"loc":{"start":{"line":14,"column":21},"end":{"line":24,"column":5}},"line":14},"2":{"name":"(anonymous_2)","decl":{"start":{"line":26,"column":4},"end":{"line":26,"column":5}},"loc":{"start":{"line":26,"column":34},"end":{"line":48,"column":5}},"line":26},"3":{"name":"(anonymous_3)","decl":{"start":{"line":52,"column":4},"end":{"line":52,"column":5}},"loc":{"start":{"line":52,"column":36},"end":{"line":90,"column":5}},"line":52},"4":{"name":"(anonymous_4)","decl":{"start":{"line":93,"column":4},"end":{"line":93,"column":5}},"loc":{"start":{"line":93,"column":27},"end":{"line":131,"column":5}},"line":93},"5":{"name":"(anonymous_5)","decl":{"start":{"line":126,"column":38},"end":{"line":126,"column":39}},"loc":{"start":{"line":126,"column":51},"end":{"line":126,"column":96}},"line":126},"6":{"name":"(anonymous_6)","decl":{"start":{"line":134,"column":4},"end":{"line":134,"column":5}},"loc":{"start":{"line":134,"column":27},"end":{"line":161,"column":5}},"line":134},"7":{"name":"(anonymous_7)","decl":{"start":{"line":164,"column":4},"end":{"line":164,"column":5}},"loc":{"start":{"line":164,"column":20},"end":{"line":178,"column":5}},"line":164}},"branchMap":{"0":{"loc":{"start":{"line":30,"column":8},"end":{"line":47,"column":9}},"type":"if","locations":[{"start":{"line":30,"column":8},"end":{"line":47,"column":9}},{"start":{"line":45,"column":13},"end":{"line":47,"column":9}}],"line":30},"1":{"loc":{"start":{"line":31,"column":12},"end":{"line":44,"column":13}},"type":"if","locations":[{"start":{"line":31,"column":12},"end":{"line":44,"column":13}},{"start":{"line":41,"column":17},"end":{"line":44,"column":13}}],"line":31},"2":{"loc":{"start":{"line":32,"column":16},"end":{"line":37,"column":70}},"type":"binary-expr","locations":[{"start":{"line":32,"column":17},"end":{"line":32,"column":43}},{"start":{"line":32,"column":48},"end":{"line":32,"column":67}},{"start":{"line":33,"column":17},"end":{"line":33,"column":43}},{"start":{"line":33,"column":48},"end":{"line":33,"column":70}},{"start":{"line":34,"column":17},"end":{"line":34,"column":44}},{"start":{"line":34,"column":49},"end":{"line":34,"column":72}},{"start":{"line":35,"column":17},"end":{"line":35,"column":44}},{"start":{"line":35,"column":49},"end":{"line":35,"column":69}},{"start":{"line":36,"column":17},"end":{"line":36,"column":44}},{"start":{"line":36,"column":49},"end":{"line":36,"column":70}},{"start":{"line":37,"column":17},"end":{"line":37,"column":44}},{"start":{"line":37,"column":49},"end":{"line":37,"column":69}}],"line":32},"3":{"loc":{"start":{"line":54,"column":8},"end":{"line":76,"column":9}},"type":"switch","locations":[{"start":{"line":55,"column":12},"end":{"line":57,"column":22}},{"start":{"line":58,"column":12},"end":{"line":60,"column":22}},{"start":{"line":61,"column":12},"end":{"line":63,"column":22}},{"start":{"line":64,"column":12},"end":{"line":66,"column":22}},{"start":{"line":67,"column":12},"end":{"line":69,"column":22}},{"start":{"line":70,"column":12},"end":{"line":72,"column":22}},{"start":{"line":73,"column":12},"end":{"line":75,"column":22}}],"line":54},"4":{"loc":{"start":{"line":78,"column":8},"end":{"line":78,"column":41}},"type":"if","locations":[{"start":{"line":78,"column":8},"end":{"line":78,"column":41}},{"start":{},"end":{}}],"line":78},"5":{"loc":{"start":{"line":83,"column":12},"end":{"line":87,"column":13}},"type":"if","locations":[{"start":{"line":83,"column":12},"end":{"line":87,"column":13}},{"start":{},"end":{}}],"line":83},"6":{"loc":{"start":{"line":84,"column":16},"end":{"line":86,"column":17}},"type":"if","locations":[{"start":{"line":84,"column":16},"end":{"line":86,"column":17}},{"start":{},"end":{}}],"line":84},"7":{"loc":{"start":{"line":98,"column":8},"end":{"line":123,"column":9}},"type":"switch","locations":[{"start":{"line":99,"column":12},"end":{"line":102,"column":22}},{"start":{"line":103,"column":12},"end":{"line":106,"column":22}},{"start":{"line":107,"column":12},"end":{"line":110,"column":22}},{"start":{"line":111,"column":12},"end":{"line":114,"column":22}},{"start":{"line":115,"column":12},"end":{"line":118,"column":22}},{"start":{"line":119,"column":12},"end":{"line":122,"column":22}}],"line":98},"8":{"loc":{"start":{"line":125,"column":8},"end":{"line":127,"column":9}},"type":"if","locations":[{"start":{"line":125,"column":8},"end":{"line":127,"column":9}},{"start":{},"end":{}}],"line":125},"9":{"loc":{"start":{"line":139,"column":8},"end":{"line":148,"column":9}},"type":"switch","locations":[{"start":{"line":140,"column":12},"end":{"line":143,"column":22}},{"start":{"line":144,"column":12},"end":{"line":147,"column":22}}],"line":139},"10":{"loc":{"start":{"line":150,"column":8},"end":{"line":158,"column":9}},"type":"if","locations":[{"start":{"line":150,"column":8},"end":{"line":158,"column":9}},{"start":{},"end":{}}],"line":150},"11":{"loc":{"start":{"line":152,"column":16},"end":{"line":156,"column":17}},"type":"if","locations":[{"start":{"line":152,"column":16},"end":{"line":156,"column":17}},{"start":{"line":154,"column":21},"end":{"line":156,"column":17}}],"line":152},"12":{"loc":{"start":{"line":165,"column":8},"end":{"line":177,"column":9}},"type":"if","locations":[{"start":{"line":165,"column":8},"end":{"line":177,"column":9}},{"start":{"line":167,"column":14},"end":{"line":177,"column":9}}],"line":165},"13":{"loc":{"start":{"line":167,"column":14},"end":{"line":177,"column":9}},"type":"if","locations":[{"start":{"line":167,"column":14},"end":{"line":177,"column":9}},{"start":{"line":169,"column":14},"end":{"line":177,"column":9}}],"line":167},"14":{"loc":{"start":{"line":169,"column":14},"end":{"line":177,"column":9}},"type":"if","locations":[{"start":{"line":169,"column":14},"end":{"line":177,"column":9}},{"start":{"line":171,"column":14},"end":{"line":177,"column":9}}],"line":169},"15":{"loc":{"start":{"line":171,"column":14},"end":{"line":177,"column":9}},"type":"if","locations":[{"start":{"line":171,"column":14},"end":{"line":177,"column":9}},{"start":{"line":173,"column":14},"end":{"line":177,"column":9}}],"line":171},"16":{"loc":{"start":{"line":173,"column":14},"end":{"line":177,"column":9}},"type":"if","locations":[{"start":{"line":173,"column":14},"end":{"line":177,"column":9}},{"start":{"line":175,"column":14},"end":{"line":177,"column":9}}],"line":173},"17":{"loc":{"start":{"line":175,"column":14},"end":{"line":177,"column":9}},"type":"if","locations":[{"start":{"line":175,"column":14},"end":{"line":177,"column":9}},{"start":{},"end":{}}],"line":175}},"s":{"0":3,"1":0,"2":0,"3":0,"4":0,"5":0,"6":0,"7":0,"8":0,"9":0,"10":0,"11":0,"12":0,"13":0,"14":0,"15":0,"16":0,"17":0,"18":0,"19":0,"20":0,"21":0,"22":0,"23":0,"24":0,"25":0,"26":0,"27":0,"28":0,"29":0,"30":0,"31":0,"32":0,"33":0,"34":0,"35":0,"36":0,"37":0,"38":0,"39":0,"40":0,"41":3,"42":3,"43":3,"44":3,"45":3,"46":3,"47":0,"48":0,"49":0,"50":0,"51":0,"52":0,"53":0,"54":0,"55":0,"56":0,"57":0,"58":0,"59":0,"60":0,"61":0,"62":3,"63":2,"64":4,"65":3,"66":0,"67":0,"68":0,"69":0,"70":0,"71":0,"72":0,"73":0,"74":0,"75":0,"76":0,"77":0,"78":0,"79":0,"80":0,"81":0,"82":0,"83":0,"84":0,"85":0,"86":0,"87":0,"88":0,"89":0,"90":0,"91":0},"f":{"0":0,"1":0,"2":0,"3":0,"4":3,"5":4,"6":0,"7":0},"b":{"0":[0,0],"1":[0,0],"2":[0,0,0,0,0,0,0,0,0,0,0,0],"3":[0,0,0,0,0,0,0],"4":[0,0],"5":[0,0],"6":[0,0],"7":[3,0,0,0,0,0],"8":[2,1],"9":[0,0],"10":[0,0],"11":[0,0],"12":[0,0],"13":[0,0],"14":[0,0],"15":[0,0],"16":[0,0],"17":[0,0]},"_coverageSchema":"1a1c01bbd47fc00a2c39e90264f33305004495a9","hash":"8e51e20362f3c5ac362c893b5b4321025db6d3e4"}
,"D:\\OneDrive\\OneDrive - id.uff.br\\Faculdade\\2023.1\\Engenharia de Software II\\Projeto-War\\src\\shaders\\countryVert.js": {"path":"D:\\OneDrive\\OneDrive - id.uff.br\\Faculdade\\2023.1\\Engenharia de Software II\\Projeto-War\\src\\shaders\\countryVert.js","statementMap":{},"fnMap":{},"branchMap":{},"s":{},"f":{},"b":{},"_coverageSchema":"1a1c01bbd47fc00a2c39e90264f33305004495a9","hash":"caa3161523796d6067d2dbfebd95f6cab448425b"}
,"D:\\OneDrive\\OneDrive - id.uff.br\\Faculdade\\2023.1\\Engenharia de Software II\\Projeto-War\\src\\shaders\\imageFrag.js": {"path":"D:\\OneDrive\\OneDrive - id.uff.br\\Faculdade\\2023.1\\Engenharia de Software II\\Projeto-War\\src\\shaders\\imageFrag.js","statementMap":{},"fnMap":{},"branchMap":{},"s":{},"f":{},"b":{},"_coverageSchema":"1a1c01bbd47fc00a2c39e90264f33305004495a9","hash":"2737b855a26be9a7e3a0e6969ab6e1441175fa6d"}
,"D:\\OneDrive\\OneDrive - id.uff.br\\Faculdade\\2023.1\\Engenharia de Software II\\Projeto-War\\src\\shaders\\imageVert.js": {"path":"D:\\OneDrive\\OneDrive - id.uff.br\\Faculdade\\2023.1\\Engenharia de Software II\\Projeto-War\\src\\shaders\\imageVert.js","statementMap":{},"fnMap":{},"branchMap":{},"s":{},"f":{},"b":{},"_coverageSchema":"1a1c01bbd47fc00a2c39e90264f33305004495a9","hash":"7b19e820662cd1be7c06e3125a1671455cdac712"}
,"D:\\OneDrive\\OneDrive - id.uff.br\\Faculdade\\2023.1\\Engenharia de Software II\\Projeto-War\\src\\shaders\\phongFrag.js": {"path":"D:\\OneDrive\\OneDrive - id.uff.br\\Faculdade\\2023.1\\Engenharia de Software II\\Projeto-War\\src\\shaders\\phongFrag.js","statementMap":{},"fnMap":{},"branchMap":{},"s":{},"f":{},"b":{},"_coverageSchema":"1a1c01bbd47fc00a2c39e90264f33305004495a9","hash":"9b7c5cc6bf7b8dca4baa14e117d06a6b559dfd8c"}
,"D:\\OneDrive\\OneDrive - id.uff.br\\Faculdade\\2023.1\\Engenharia de Software II\\Projeto-War\\src\\view\\canvasImage.js": {"path":"D:\\OneDrive\\OneDrive - id.uff.br\\Faculdade\\2023.1\\Engenharia de Software II\\Projeto-War\\src\\view\\canvasImage.js","statementMap":{"0":{"start":{"line":8,"column":23},"end":{"line":8,"column":55}},"1":{"start":{"line":9,"column":22},"end":{"line":9,"column":51}},"2":{"start":{"line":11,"column":8},"end":{"line":11,"column":75}},"3":{"start":{"line":13,"column":8},"end":{"line":13,"column":36}},"4":{"start":{"line":14,"column":8},"end":{"line":14,"column":30}},"5":{"start":{"line":18,"column":20},"end":{"line":18,"column":49}},"6":{"start":{"line":20,"column":8},"end":{"line":20,"column":24}},"7":{"start":{"line":22,"column":22},"end":{"line":22,"column":57}},"8":{"start":{"line":23,"column":29},"end":{"line":23,"column":59}},"9":{"start":{"line":25,"column":8},"end":{"line":25,"column":52}},"10":{"start":{"line":29,"column":20},"end":{"line":29,"column":49}},"11":{"start":{"line":30,"column":8},"end":{"line":30,"column":43}}},"fnMap":{"0":{"name":"(anonymous_0)","decl":{"start":{"line":7,"column":4},"end":{"line":7,"column":5}},"loc":{"start":{"line":7,"column":42},"end":{"line":15,"column":5}},"line":7},"1":{"name":"(anonymous_1)","decl":{"start":{"line":17,"column":4},"end":{"line":17,"column":5}},"loc":{"start":{"line":17,"column":44},"end":{"line":26,"column":5}},"line":17},"2":{"name":"(anonymous_2)","decl":{"start":{"line":17,"column":30},"end":{"line":17,"column":31}},"loc":{"start":{"line":17,"column":37},"end":{"line":17,"column":39}},"line":17},"3":{"name":"(anonymous_3)","decl":{"start":{"line":28,"column":4},"end":{"line":28,"column":5}},"loc":{"start":{"line":28,"column":81},"end":{"line":31,"column":5}},"line":28}},"branchMap":{"0":{"loc":{"start":{"line":7,"column":19},"end":{"line":7,"column":41}},"type":"default-arg","locations":[{"start":{"line":7,"column":37},"end":{"line":7,"column":41}}],"line":7},"1":{"loc":{"start":{"line":17,"column":17},"end":{"line":17,"column":39}},"type":"default-arg","locations":[{"start":{"line":17,"column":30},"end":{"line":17,"column":39}}],"line":17},"2":{"loc":{"start":{"line":28,"column":10},"end":{"line":28,"column":15}},"type":"default-arg","locations":[{"start":{"line":28,"column":14},"end":{"line":28,"column":15}}],"line":28},"3":{"loc":{"start":{"line":28,"column":17},"end":{"line":28,"column":22}},"type":"default-arg","locations":[{"start":{"line":28,"column":21},"end":{"line":28,"column":22}}],"line":28},"4":{"loc":{"start":{"line":28,"column":24},"end":{"line":28,"column":50}},"type":"default-arg","locations":[{"start":{"line":28,"column":32},"end":{"line":28,"column":50}}],"line":28},"5":{"loc":{"start":{"line":28,"column":52},"end":{"line":28,"column":80}},"type":"default-arg","locations":[{"start":{"line":28,"column":61},"end":{"line":28,"column":80}}],"line":28}},"s":{"0":0,"1":0,"2":0,"3":0,"4":0,"5":0,"6":0,"7":0,"8":0,"9":0,"10":0,"11":0},"f":{"0":0,"1":0,"2":0,"3":0},"b":{"0":[0],"1":[0],"2":[0],"3":[0],"4":[0],"5":[0]},"_coverageSchema":"1a1c01bbd47fc00a2c39e90264f33305004495a9","hash":"200acd197991f0c4e07908d6ebc76248f7ff7397"}
,"D:\\OneDrive\\OneDrive - id.uff.br\\Faculdade\\2023.1\\Engenharia de Software II\\Projeto-War\\src\\view\\image.js": {"path":"D:\\OneDrive\\OneDrive - id.uff.br\\Faculdade\\2023.1\\Engenharia de Software II\\Projeto-War\\src\\view\\image.js","statementMap":{"0":{"start":{"line":13,"column":8},"end":{"line":13,"column":27}},"1":{"start":{"line":17,"column":8},"end":{"line":17,"column":28}},"2":{"start":{"line":21,"column":8},"end":{"line":22,"column":78}},"3":{"start":{"line":22,"column":12},"end":{"line":22,"column":78}},"4":{"start":{"line":24,"column":8},"end":{"line":24,"column":32}},"5":{"start":{"line":28,"column":8},"end":{"line":29,"column":78}},"6":{"start":{"line":29,"column":12},"end":{"line":29,"column":78}},"7":{"start":{"line":31,"column":8},"end":{"line":31,"column":32}},"8":{"start":{"line":35,"column":8},"end":{"line":35,"column":35}},"9":{"start":{"line":39,"column":8},"end":{"line":39,"column":35}},"10":{"start":{"line":43,"column":8},"end":{"line":43,"column":35}},"11":{"start":{"line":47,"column":8},"end":{"line":47,"column":38}},"12":{"start":{"line":51,"column":8},"end":{"line":52,"column":77}},"13":{"start":{"line":52,"column":12},"end":{"line":52,"column":77}},"14":{"start":{"line":54,"column":8},"end":{"line":54,"column":61}},"15":{"start":{"line":58,"column":8},"end":{"line":58,"column":57}},"16":{"start":{"line":62,"column":8},"end":{"line":62,"column":38}},"17":{"start":{"line":66,"column":8},"end":{"line":66,"column":38}},"18":{"start":{"line":70,"column":8},"end":{"line":70,"column":66}},"19":{"start":{"line":72,"column":21},"end":{"line":72,"column":45}},"20":{"start":{"line":74,"column":21},"end":{"line":74,"column":46}},"21":{"start":{"line":76,"column":8},"end":{"line":76,"column":57}},"22":{"start":{"line":77,"column":8},"end":{"line":77,"column":63}},"23":{"start":{"line":79,"column":8},"end":{"line":79,"column":27}},"24":{"start":{"line":83,"column":8},"end":{"line":89,"column":11}},"25":{"start":{"line":84,"column":26},"end":{"line":84,"column":37}},"26":{"start":{"line":85,"column":12},"end":{"line":87,"column":15}},"27":{"start":{"line":86,"column":16},"end":{"line":86,"column":31}},"28":{"start":{"line":88,"column":12},"end":{"line":88,"column":28}},"29":{"start":{"line":93,"column":20},"end":{"line":93,"column":51}},"30":{"start":{"line":94,"column":8},"end":{"line":94,"column":27}},"31":{"start":{"line":95,"column":28},"end":{"line":95,"column":56}},"32":{"start":{"line":97,"column":8},"end":{"line":97,"column":58}},"33":{"start":{"line":99,"column":8},"end":{"line":99,"column":55}},"34":{"start":{"line":103,"column":27},"end":{"line":103,"column":39}},"35":{"start":{"line":105,"column":23},"end":{"line":105,"column":26}},"36":{"start":{"line":106,"column":24},"end":{"line":106,"column":27}},"37":{"start":{"line":108,"column":8},"end":{"line":108,"column":68}},"38":{"start":{"line":110,"column":8},"end":{"line":110,"column":31}},"39":{"start":{"line":111,"column":8},"end":{"line":111,"column":33}},"40":{"start":{"line":113,"column":19},"end":{"line":113,"column":52}},"41":{"start":{"line":114,"column":19},"end":{"line":114,"column":51}},"42":{"start":{"line":115,"column":19},"end":{"line":115,"column":50}},"43":{"start":{"line":116,"column":19},"end":{"line":116,"column":51}},"44":{"start":{"line":118,"column":23},"end":{"line":121,"column":9}},"45":{"start":{"line":123,"column":26},"end":{"line":126,"column":9}},"46":{"start":{"line":128,"column":8},"end":{"line":131,"column":9}},"47":{"start":{"line":135,"column":8},"end":{"line":135,"column":39}},"48":{"start":{"line":139,"column":22},"end":{"line":139,"column":34}},"49":{"start":{"line":141,"column":20},"end":{"line":141,"column":33}},"50":{"start":{"line":142,"column":8},"end":{"line":142,"column":47}},"51":{"start":{"line":144,"column":8},"end":{"line":147,"column":9}},"52":{"start":{"line":145,"column":29},"end":{"line":145,"column":50}},"53":{"start":{"line":146,"column":12},"end":{"line":146,"column":46}},"54":{"start":{"line":149,"column":24},"end":{"line":149,"column":37}},"55":{"start":{"line":151,"column":8},"end":{"line":151,"column":34}},"56":{"start":{"line":153,"column":21},"end":{"line":153,"column":44}},"57":{"start":{"line":154,"column":20},"end":{"line":154,"column":42}},"58":{"start":{"line":156,"column":19},"end":{"line":156,"column":63}},"59":{"start":{"line":157,"column":19},"end":{"line":157,"column":62}},"60":{"start":{"line":159,"column":23},"end":{"line":159,"column":47}},"61":{"start":{"line":160,"column":23},"end":{"line":160,"column":47}},"62":{"start":{"line":162,"column":21},"end":{"line":162,"column":45}},"63":{"start":{"line":164,"column":23},"end":{"line":164,"column":43}},"64":{"start":{"line":166,"column":8},"end":{"line":166,"column":85}},"65":{"start":{"line":170,"column":8},"end":{"line":170,"column":47}},"66":{"start":{"line":170,"column":23},"end":{"line":170,"column":47}},"67":{"start":{"line":175,"column":4},"end":{"line":175,"column":45}},"68":{"start":{"line":175,"column":31},"end":{"line":175,"column":43}},"69":{"start":{"line":179,"column":16},"end":{"line":179,"column":45}},"70":{"start":{"line":181,"column":4},"end":{"line":182,"column":15}},"71":{"start":{"line":182,"column":8},"end":{"line":182,"column":15}},"72":{"start":{"line":184,"column":4},"end":{"line":186,"column":38}},"73":{"start":{"line":184,"column":16},"end":{"line":184,"column":17}},"74":{"start":{"line":185,"column":8},"end":{"line":186,"column":38}},"75":{"start":{"line":185,"column":20},"end":{"line":185,"column":21}},"76":{"start":{"line":186,"column":12},"end":{"line":186,"column":38}},"77":{"start":{"line":188,"column":4},"end":{"line":188,"column":15}},"78":{"start":{"line":196,"column":21},"end":{"line":196,"column":56}},"79":{"start":{"line":198,"column":8},"end":{"line":198,"column":31}},"80":{"start":{"line":199,"column":8},"end":{"line":199,"column":30}},"81":{"start":{"line":203,"column":8},"end":{"line":203,"column":82}},"82":{"start":{"line":203,"column":50},"end":{"line":203,"column":80}},"83":{"start":{"line":207,"column":18},"end":{"line":207,"column":83}},"84":{"start":{"line":209,"column":8},"end":{"line":209,"column":32}},"85":{"start":{"line":213,"column":18},"end":{"line":213,"column":66}},"86":{"start":{"line":213,"column":46},"end":{"line":213,"column":65}},"87":{"start":{"line":215,"column":21},"end":{"line":215,"column":71}},"88":{"start":{"line":215,"column":55},"end":{"line":215,"column":66}},"89":{"start":{"line":217,"column":21},"end":{"line":217,"column":51}},"90":{"start":{"line":217,"column":40},"end":{"line":217,"column":48}},"91":{"start":{"line":219,"column":8},"end":{"line":219,"column":20}}},"fnMap":{"0":{"name":"(anonymous_0)","decl":{"start":{"line":12,"column":4},"end":{"line":12,"column":5}},"loc":{"start":{"line":12,"column":15},"end":{"line":14,"column":5}},"line":12},"1":{"name":"(anonymous_1)","decl":{"start":{"line":16,"column":4},"end":{"line":16,"column":5}},"loc":{"start":{"line":16,"column":16},"end":{"line":18,"column":5}},"line":16},"2":{"name":"(anonymous_2)","decl":{"start":{"line":20,"column":4},"end":{"line":20,"column":5}},"loc":{"start":{"line":20,"column":17},"end":{"line":25,"column":5}},"line":20},"3":{"name":"(anonymous_3)","decl":{"start":{"line":27,"column":4},"end":{"line":27,"column":5}},"loc":{"start":{"line":27,"column":17},"end":{"line":32,"column":5}},"line":27},"4":{"name":"(anonymous_4)","decl":{"start":{"line":34,"column":4},"end":{"line":34,"column":5}},"loc":{"start":{"line":34,"column":20},"end":{"line":36,"column":5}},"line":34},"5":{"name":"(anonymous_5)","decl":{"start":{"line":38,"column":4},"end":{"line":38,"column":5}},"loc":{"start":{"line":38,"column":20},"end":{"line":40,"column":5}},"line":38},"6":{"name":"(anonymous_6)","decl":{"start":{"line":42,"column":4},"end":{"line":42,"column":5}},"loc":{"start":{"line":42,"column":16},"end":{"line":44,"column":5}},"line":42},"7":{"name":"(anonymous_7)","decl":{"start":{"line":46,"column":4},"end":{"line":46,"column":5}},"loc":{"start":{"line":46,"column":23},"end":{"line":48,"column":5}},"line":46},"8":{"name":"(anonymous_8)","decl":{"start":{"line":50,"column":4},"end":{"line":50,"column":5}},"loc":{"start":{"line":50,"column":18},"end":{"line":55,"column":5}},"line":50},"9":{"name":"(anonymous_9)","decl":{"start":{"line":57,"column":4},"end":{"line":57,"column":5}},"loc":{"start":{"line":57,"column":22},"end":{"line":59,"column":5}},"line":57},"10":{"name":"(anonymous_10)","decl":{"start":{"line":61,"column":4},"end":{"line":61,"column":5}},"loc":{"start":{"line":61,"column":19},"end":{"line":63,"column":5}},"line":61},"11":{"name":"(anonymous_11)","decl":{"start":{"line":65,"column":4},"end":{"line":65,"column":5}},"loc":{"start":{"line":65,"column":19},"end":{"line":67,"column":5}},"line":65},"12":{"name":"(anonymous_12)","decl":{"start":{"line":69,"column":4},"end":{"line":69,"column":5}},"loc":{"start":{"line":69,"column":23},"end":{"line":80,"column":5}},"line":69},"13":{"name":"(anonymous_13)","decl":{"start":{"line":82,"column":4},"end":{"line":82,"column":5}},"loc":{"start":{"line":82,"column":31},"end":{"line":90,"column":5}},"line":82},"14":{"name":"(anonymous_14)","decl":{"start":{"line":83,"column":28},"end":{"line":83,"column":29}},"loc":{"start":{"line":83,"column":39},"end":{"line":89,"column":9}},"line":83},"15":{"name":"(anonymous_15)","decl":{"start":{"line":85,"column":43},"end":{"line":85,"column":44}},"loc":{"start":{"line":85,"column":49},"end":{"line":87,"column":13}},"line":85},"16":{"name":"(anonymous_16)","decl":{"start":{"line":134,"column":4},"end":{"line":134,"column":5}},"loc":{"start":{"line":134,"column":18},"end":{"line":136,"column":5}},"line":134},"17":{"name":"(anonymous_17)","decl":{"start":{"line":138,"column":4},"end":{"line":138,"column":5}},"loc":{"start":{"line":138,"column":32},"end":{"line":167,"column":5}},"line":138},"18":{"name":"(anonymous_18)","decl":{"start":{"line":169,"column":4},"end":{"line":169,"column":5}},"loc":{"start":{"line":169,"column":16},"end":{"line":171,"column":5}},"line":169},"19":{"name":"scalarMulti","decl":{"start":{"line":174,"column":9},"end":{"line":174,"column":20}},"loc":{"start":{"line":174,"column":36},"end":{"line":176,"column":1}},"line":174},"20":{"name":"(anonymous_20)","decl":{"start":{"line":175,"column":22},"end":{"line":175,"column":23}},"loc":{"start":{"line":175,"column":31},"end":{"line":175,"column":43}},"line":175},"21":{"name":"multiplyMatWithVec","decl":{"start":{"line":178,"column":9},"end":{"line":178,"column":27}},"loc":{"start":{"line":178,"column":37},"end":{"line":189,"column":1}},"line":178},"22":{"name":"(anonymous_22)","decl":{"start":{"line":195,"column":4},"end":{"line":195,"column":5}},"loc":{"start":{"line":195,"column":32},"end":{"line":200,"column":5}},"line":195},"23":{"name":"(anonymous_23)","decl":{"start":{"line":202,"column":4},"end":{"line":202,"column":5}},"loc":{"start":{"line":202,"column":15},"end":{"line":204,"column":5}},"line":202},"24":{"name":"(anonymous_24)","decl":{"start":{"line":203,"column":32},"end":{"line":203,"column":33}},"loc":{"start":{"line":203,"column":50},"end":{"line":203,"column":80}},"line":203},"25":{"name":"(anonymous_25)","decl":{"start":{"line":206,"column":4},"end":{"line":206,"column":5}},"loc":{"start":{"line":206,"column":19},"end":{"line":210,"column":5}},"line":206},"26":{"name":"(anonymous_26)","decl":{"start":{"line":213,"column":30},"end":{"line":213,"column":31}},"loc":{"start":{"line":213,"column":46},"end":{"line":213,"column":65}},"line":213},"27":{"name":"(anonymous_27)","decl":{"start":{"line":215,"column":40},"end":{"line":215,"column":41}},"loc":{"start":{"line":215,"column":55},"end":{"line":215,"column":66}},"line":215},"28":{"name":"(anonymous_28)","decl":{"start":{"line":217,"column":34},"end":{"line":217,"column":35}},"loc":{"start":{"line":217,"column":40},"end":{"line":217,"column":48}},"line":217}},"branchMap":{"0":{"loc":{"start":{"line":21,"column":8},"end":{"line":22,"column":78}},"type":"if","locations":[{"start":{"line":21,"column":8},"end":{"line":22,"column":78}},{"start":{},"end":{}}],"line":21},"1":{"loc":{"start":{"line":28,"column":8},"end":{"line":29,"column":78}},"type":"if","locations":[{"start":{"line":28,"column":8},"end":{"line":29,"column":78}},{"start":{},"end":{}}],"line":28},"2":{"loc":{"start":{"line":51,"column":8},"end":{"line":52,"column":77}},"type":"if","locations":[{"start":{"line":51,"column":8},"end":{"line":52,"column":77}},{"start":{},"end":{}}],"line":51},"3":{"loc":{"start":{"line":51,"column":11},"end":{"line":51,"column":54}},"type":"binary-expr","locations":[{"start":{"line":51,"column":11},"end":{"line":51,"column":34}},{"start":{"line":51,"column":38},"end":{"line":51,"column":54}}],"line":51},"4":{"loc":{"start":{"line":108,"column":8},"end":{"line":108,"column":67}},"type":"cond-expr","locations":[{"start":{"line":108,"column":24},"end":{"line":108,"column":44}},{"start":{"line":108,"column":46},"end":{"line":108,"column":67}}],"line":108},"5":{"loc":{"start":{"line":144,"column":8},"end":{"line":147,"column":9}},"type":"if","locations":[{"start":{"line":144,"column":8},"end":{"line":147,"column":9}},{"start":{},"end":{}}],"line":144},"6":{"loc":{"start":{"line":153,"column":21},"end":{"line":153,"column":44}},"type":"cond-expr","locations":[{"start":{"line":153,"column":30},"end":{"line":153,"column":41}},{"start":{"line":153,"column":43},"end":{"line":153,"column":44}}],"line":153},"7":{"loc":{"start":{"line":154,"column":20},"end":{"line":154,"column":42}},"type":"cond-expr","locations":[{"start":{"line":154,"column":29},"end":{"line":154,"column":39}},{"start":{"line":154,"column":41},"end":{"line":154,"column":42}}],"line":154},"8":{"loc":{"start":{"line":166,"column":16},"end":{"line":166,"column":83}},"type":"binary-expr","locations":[{"start":{"line":166,"column":16},"end":{"line":166,"column":47}},{"start":{"line":166,"column":51},"end":{"line":166,"column":83}}],"line":166},"9":{"loc":{"start":{"line":170,"column":8},"end":{"line":170,"column":47}},"type":"if","locations":[{"start":{"line":170,"column":8},"end":{"line":170,"column":47}},{"start":{},"end":{}}],"line":170},"10":{"loc":{"start":{"line":181,"column":4},"end":{"line":182,"column":15}},"type":"if","locations":[{"start":{"line":181,"column":4},"end":{"line":182,"column":15}},{"start":{},"end":{}}],"line":181},"11":{"loc":{"start":{"line":207,"column":18},"end":{"line":207,"column":83}},"type":"cond-expr","locations":[{"start":{"line":207,"column":39},"end":{"line":207,"column":79}},{"start":{"line":207,"column":82},"end":{"line":207,"column":83}}],"line":207},"12":{"loc":{"start":{"line":217,"column":21},"end":{"line":217,"column":51}},"type":"cond-expr","locations":[{"start":{"line":217,"column":28},"end":{"line":217,"column":49}},{"start":{"line":217,"column":50},"end":{"line":217,"column":51}}],"line":217}},"s":{"0":0,"1":0,"2":0,"3":0,"4":0,"5":0,"6":0,"7":0,"8":0,"9":0,"10":0,"11":0,"12":0,"13":0,"14":0,"15":0,"16":0,"17":0,"18":0,"19":0,"20":0,"21":0,"22":0,"23":0,"24":0,"25":0,"26":0,"27":0,"28":0,"29":0,"30":0,"31":0,"32":0,"33":0,"34":0,"35":0,"36":0,"37":0,"38":0,"39":0,"40":0,"41":0,"42":0,"43":0,"44":0,"45":0,"46":0,"47":0,"48":0,"49":0,"50":0,"51":0,"52":0,"53":0,"54":0,"55":0,"56":0,"57":0,"58":0,"59":0,"60":0,"61":0,"62":0,"63":0,"64":0,"65":0,"66":0,"67":0,"68":0,"69":0,"70":0,"71":0,"72":0,"73":0,"74":0,"75":0,"76":0,"77":0,"78":0,"79":0,"80":0,"81":0,"82":0,"83":0,"84":0,"85":0,"86":0,"87":0,"88":0,"89":0,"90":0,"91":0},"f":{"0":0,"1":0,"2":0,"3":0,"4":0,"5":0,"6":0,"7":0,"8":0,"9":0,"10":0,"11":0,"12":0,"13":0,"14":0,"15":0,"16":0,"17":0,"18":0,"19":0,"20":0,"21":0,"22":0,"23":0,"24":0,"25":0,"26":0,"27":0,"28":0},"b":{"0":[0,0],"1":[0,0],"2":[0,0],"3":[0,0],"4":[0,0],"5":[0,0],"6":[0,0],"7":[0,0],"8":[0,0],"9":[0,0],"10":[0,0],"11":[0,0],"12":[0,0]},"_coverageSchema":"1a1c01bbd47fc00a2c39e90264f33305004495a9","hash":"9075576c893c7b64e22773f6da43106e20734ba8"}
,"D:\\OneDrive\\OneDrive - id.uff.br\\Faculdade\\2023.1\\Engenharia de Software II\\Projeto-War\\src\\webgl\\gl-util.js": {"path":"D:\\OneDrive\\OneDrive - id.uff.br\\Faculdade\\2023.1\\Engenharia de Software II\\Projeto-War\\src\\webgl\\gl-util.js","statementMap":{"0":{"start":{"line":3,"column":23},"end":{"line":3,"column":44}},"1":{"start":{"line":4,"column":8},"end":{"line":4,"column":45}},"2":{"start":{"line":5,"column":8},"end":{"line":5,"column":33}},"3":{"start":{"line":7,"column":8},"end":{"line":10,"column":9}},"4":{"start":{"line":8,"column":25},"end":{"line":8,"column":52}},"5":{"start":{"line":9,"column":12},"end":{"line":9,"column":63}},"6":{"start":{"line":12,"column":8},"end":{"line":12,"column":22}},"7":{"start":{"line":16,"column":24},"end":{"line":16,"column":42}},"8":{"start":{"line":18,"column":8},"end":{"line":18,"column":47}},"9":{"start":{"line":19,"column":8},"end":{"line":19,"column":49}},"10":{"start":{"line":20,"column":8},"end":{"line":20,"column":32}},"11":{"start":{"line":21,"column":8},"end":{"line":24,"column":9}},"12":{"start":{"line":22,"column":25},"end":{"line":22,"column":54}},"13":{"start":{"line":23,"column":12},"end":{"line":23,"column":71}},"14":{"start":{"line":26,"column":8},"end":{"line":26,"column":23}},"15":{"start":{"line":30,"column":8},"end":{"line":31,"column":22}},"16":{"start":{"line":31,"column":10},"end":{"line":31,"column":22}},"17":{"start":{"line":33,"column":8},"end":{"line":36,"column":9}},"18":{"start":{"line":34,"column":10},"end":{"line":34,"column":65}},"19":{"start":{"line":35,"column":10},"end":{"line":35,"column":22}},"20":{"start":{"line":38,"column":23},"end":{"line":38,"column":40}},"21":{"start":{"line":40,"column":8},"end":{"line":40,"column":36}},"22":{"start":{"line":41,"column":8},"end":{"line":41,"column":50}},"23":{"start":{"line":43,"column":8},"end":{"line":43,"column":22}},"24":{"start":{"line":49,"column":6},"end":{"line":49,"column":57}},"25":{"start":{"line":49,"column":50},"end":{"line":49,"column":57}},"26":{"start":{"line":51,"column":20},"end":{"line":51,"column":42}},"27":{"start":{"line":53,"column":8},"end":{"line":53,"column":32}},"28":{"start":{"line":58,"column":8},"end":{"line":66,"column":9}},"29":{"start":{"line":59,"column":10},"end":{"line":65,"column":11}},"30":{"start":{"line":60,"column":12},"end":{"line":60,"column":54}},"31":{"start":{"line":61,"column":12},"end":{"line":61,"column":39}},"32":{"start":{"line":62,"column":12},"end":{"line":62,"column":28}},"33":{"start":{"line":63,"column":12},"end":{"line":63,"column":61}},"34":{"start":{"line":64,"column":12},"end":{"line":64,"column":75}},"35":{"start":{"line":68,"column":8},"end":{"line":68,"column":19}}},"fnMap":{"0":{"name":"(anonymous_0)","decl":{"start":{"line":2,"column":4},"end":{"line":2,"column":5}},"loc":{"start":{"line":2,"column":47},"end":{"line":13,"column":5}},"line":2},"1":{"name":"(anonymous_1)","decl":{"start":{"line":15,"column":4},"end":{"line":15,"column":5}},"loc":{"start":{"line":15,"column":59},"end":{"line":27,"column":5}},"line":15},"2":{"name":"(anonymous_2)","decl":{"start":{"line":29,"column":4},"end":{"line":29,"column":5}},"loc":{"start":{"line":29,"column":40},"end":{"line":44,"column":5}},"line":29},"3":{"name":"(anonymous_3)","decl":{"start":{"line":48,"column":4},"end":{"line":48,"column":5}},"loc":{"start":{"line":48,"column":40},"end":{"line":69,"column":5}},"line":48}},"branchMap":{"0":{"loc":{"start":{"line":7,"column":8},"end":{"line":10,"column":9}},"type":"if","locations":[{"start":{"line":7,"column":8},"end":{"line":10,"column":9}},{"start":{},"end":{}}],"line":7},"1":{"loc":{"start":{"line":21,"column":8},"end":{"line":24,"column":9}},"type":"if","locations":[{"start":{"line":21,"column":8},"end":{"line":24,"column":9}},{"start":{},"end":{}}],"line":21},"2":{"loc":{"start":{"line":30,"column":8},"end":{"line":31,"column":22}},"type":"if","locations":[{"start":{"line":30,"column":8},"end":{"line":31,"column":22}},{"start":{},"end":{}}],"line":30},"3":{"loc":{"start":{"line":33,"column":8},"end":{"line":36,"column":9}},"type":"if","locations":[{"start":{"line":33,"column":8},"end":{"line":36,"column":9}},{"start":{},"end":{}}],"line":33},"4":{"loc":{"start":{"line":33,"column":14},"end":{"line":33,"column":89}},"type":"binary-expr","locations":[{"start":{"line":33,"column":14},"end":{"line":33,"column":18}},{"start":{"line":33,"column":22},"end":{"line":33,"column":56}},{"start":{"line":33,"column":60},"end":{"line":33,"column":89}}],"line":33},"5":{"loc":{"start":{"line":49,"column":6},"end":{"line":49,"column":57}},"type":"if","locations":[{"start":{"line":49,"column":6},"end":{"line":49,"column":57}},{"start":{},"end":{}}],"line":49},"6":{"loc":{"start":{"line":59,"column":10},"end":{"line":65,"column":11}},"type":"if","locations":[{"start":{"line":59,"column":10},"end":{"line":65,"column":11}},{"start":{},"end":{}}],"line":59},"7":{"loc":{"start":{"line":59,"column":14},"end":{"line":59,"column":65}},"type":"binary-expr","locations":[{"start":{"line":59,"column":14},"end":{"line":59,"column":35}},{"start":{"line":59,"column":39},"end":{"line":59,"column":65}}],"line":59}},"s":{"0":0,"1":0,"2":0,"3":0,"4":0,"5":0,"6":0,"7":0,"8":0,"9":0,"10":0,"11":0,"12":0,"13":0,"14":0,"15":0,"16":0,"17":0,"18":0,"19":0,"20":0,"21":0,"22":0,"23":0,"24":0,"25":0,"26":0,"27":0,"28":0,"29":0,"30":0,"31":0,"32":0,"33":0,"34":0,"35":0},"f":{"0":0,"1":0,"2":0,"3":0},"b":{"0":[0,0],"1":[0,0],"2":[0,0],"3":[0,0],"4":[0,0,0],"5":[0,0],"6":[0,0],"7":[0,0]},"_coverageSchema":"1a1c01bbd47fc00a2c39e90264f33305004495a9","hash":"217022ecf83042fe29f711eee95621586f14c8de"}
,"D:\\OneDrive\\OneDrive - id.uff.br\\Faculdade\\2023.1\\Engenharia de Software II\\Projeto-War\\src\\webgl\\half-edge.js": {"path":"D:\\OneDrive\\OneDrive - id.uff.br\\Faculdade\\2023.1\\Engenharia de Software II\\Projeto-War\\src\\webgl\\half-edge.js","statementMap":{"0":{"start":{"line":2,"column":17},"end":{"line":2,"column":26}},"1":{"start":{"line":7,"column":8},"end":{"line":7,"column":21}},"2":{"start":{"line":17,"column":8},"end":{"line":17,"column":29}},"3":{"start":{"line":25,"column":8},"end":{"line":25,"column":27}},"4":{"start":{"line":30,"column":14},"end":{"line":30,"column":16}},"5":{"start":{"line":31,"column":16},"end":{"line":31,"column":18}},"6":{"start":{"line":32,"column":13},"end":{"line":32,"column":15}},"7":{"start":{"line":35,"column":8},"end":{"line":59,"column":9}},"8":{"start":{"line":35,"column":20},"end":{"line":35,"column":21}},"9":{"start":{"line":36,"column":23},"end":{"line":36,"column":33}},"10":{"start":{"line":37,"column":23},"end":{"line":37,"column":35}},"11":{"start":{"line":38,"column":23},"end":{"line":38,"column":35}},"12":{"start":{"line":40,"column":12},"end":{"line":40,"column":72}},"13":{"start":{"line":40,"column":36},"end":{"line":40,"column":72}},"14":{"start":{"line":41,"column":12},"end":{"line":41,"column":72}},"15":{"start":{"line":41,"column":36},"end":{"line":41,"column":72}},"16":{"start":{"line":42,"column":12},"end":{"line":42,"column":72}},"17":{"start":{"line":42,"column":36},"end":{"line":42,"column":72}},"18":{"start":{"line":44,"column":23},"end":{"line":44,"column":55}},"19":{"start":{"line":45,"column":23},"end":{"line":45,"column":55}},"20":{"start":{"line":46,"column":23},"end":{"line":46,"column":55}},"21":{"start":{"line":48,"column":12},"end":{"line":48,"column":25}},"22":{"start":{"line":49,"column":12},"end":{"line":49,"column":25}},"23":{"start":{"line":50,"column":12},"end":{"line":50,"column":25}},"24":{"start":{"line":52,"column":25},"end":{"line":52,"column":37}},"25":{"start":{"line":54,"column":12},"end":{"line":54,"column":33}},"26":{"start":{"line":55,"column":12},"end":{"line":55,"column":35}},"27":{"start":{"line":56,"column":12},"end":{"line":56,"column":35}},"28":{"start":{"line":58,"column":12},"end":{"line":58,"column":48}},"29":{"start":{"line":61,"column":8},"end":{"line":61,"column":28}},"30":{"start":{"line":65,"column":8},"end":{"line":80,"column":9}},"31":{"start":{"line":66,"column":23},"end":{"line":66,"column":35}},"32":{"start":{"line":67,"column":23},"end":{"line":67,"column":40}},"33":{"start":{"line":69,"column":12},"end":{"line":69,"column":43}},"34":{"start":{"line":69,"column":26},"end":{"line":69,"column":43}},"35":{"start":{"line":71,"column":12},"end":{"line":71,"column":40}},"36":{"start":{"line":71,"column":31},"end":{"line":71,"column":40}},"37":{"start":{"line":73,"column":12},"end":{"line":79,"column":13}},"38":{"start":{"line":74,"column":16},"end":{"line":78,"column":17}},"39":{"start":{"line":75,"column":20},"end":{"line":75,"column":44}},"40":{"start":{"line":76,"column":20},"end":{"line":76,"column":44}},"41":{"start":{"line":77,"column":20},"end":{"line":77,"column":26}},"42":{"start":{"line":84,"column":8},"end":{"line":85,"column":122}},"43":{"start":{"line":85,"column":12},"end":{"line":85,"column":122}},"44":{"start":{"line":87,"column":8},"end":{"line":90,"column":9}},"45":{"start":{"line":87,"column":20},"end":{"line":87,"column":21}},"46":{"start":{"line":88,"column":27},"end":{"line":88,"column":53}},"47":{"start":{"line":89,"column":12},"end":{"line":89,"column":79}},"48":{"start":{"line":94,"column":27},"end":{"line":94,"column":36}},"49":{"start":{"line":95,"column":24},"end":{"line":95,"column":26}},"50":{"start":{"line":97,"column":8},"end":{"line":104,"column":9}},"51":{"start":{"line":98,"column":12},"end":{"line":103,"column":13}},"52":{"start":{"line":100,"column":16},"end":{"line":100,"column":67}},"53":{"start":{"line":100,"column":42},"end":{"line":100,"column":67}},"54":{"start":{"line":102,"column":16},"end":{"line":102,"column":74}},"55":{"start":{"line":106,"column":8},"end":{"line":108,"column":9}},"56":{"start":{"line":107,"column":12},"end":{"line":107,"column":42}},"57":{"start":{"line":110,"column":8},"end":{"line":110,"column":67}}},"fnMap":{"0":{"name":"(anonymous_0)","decl":{"start":{"line":6,"column":4},"end":{"line":6,"column":5}},"loc":{"start":{"line":6,"column":19},"end":{"line":8,"column":5}},"line":6},"1":{"name":"(anonymous_1)","decl":{"start":{"line":16,"column":4},"end":{"line":16,"column":5}},"loc":{"start":{"line":16,"column":23},"end":{"line":18,"column":5}},"line":16},"2":{"name":"(anonymous_2)","decl":{"start":{"line":24,"column":4},"end":{"line":24,"column":5}},"loc":{"start":{"line":24,"column":22},"end":{"line":26,"column":5}},"line":24},"3":{"name":"(anonymous_3)","decl":{"start":{"line":34,"column":4},"end":{"line":34,"column":5}},"loc":{"start":{"line":34,"column":24},"end":{"line":62,"column":5}},"line":34},"4":{"name":"(anonymous_4)","decl":{"start":{"line":64,"column":4},"end":{"line":64,"column":5}},"loc":{"start":{"line":64,"column":18},"end":{"line":81,"column":5}},"line":64},"5":{"name":"(anonymous_5)","decl":{"start":{"line":83,"column":4},"end":{"line":83,"column":5}},"loc":{"start":{"line":83,"column":39},"end":{"line":91,"column":5}},"line":83},"6":{"name":"(anonymous_6)","decl":{"start":{"line":93,"column":4},"end":{"line":93,"column":5}},"loc":{"start":{"line":93,"column":16},"end":{"line":111,"column":5}},"line":93}},"branchMap":{"0":{"loc":{"start":{"line":40,"column":12},"end":{"line":40,"column":72}},"type":"if","locations":[{"start":{"line":40,"column":12},"end":{"line":40,"column":72}},{"start":{},"end":{}}],"line":40},"1":{"loc":{"start":{"line":41,"column":12},"end":{"line":41,"column":72}},"type":"if","locations":[{"start":{"line":41,"column":12},"end":{"line":41,"column":72}},{"start":{},"end":{}}],"line":41},"2":{"loc":{"start":{"line":42,"column":12},"end":{"line":42,"column":72}},"type":"if","locations":[{"start":{"line":42,"column":12},"end":{"line":42,"column":72}},{"start":{},"end":{}}],"line":42},"3":{"loc":{"start":{"line":69,"column":12},"end":{"line":69,"column":43}},"type":"if","locations":[{"start":{"line":69,"column":12},"end":{"line":69,"column":43}},{"start":{},"end":{}}],"line":69},"4":{"loc":{"start":{"line":71,"column":12},"end":{"line":71,"column":40}},"type":"if","locations":[{"start":{"line":71,"column":12},"end":{"line":71,"column":40}},{"start":{},"end":{}}],"line":71},"5":{"loc":{"start":{"line":74,"column":16},"end":{"line":78,"column":17}},"type":"if","locations":[{"start":{"line":74,"column":16},"end":{"line":78,"column":17}},{"start":{},"end":{}}],"line":74},"6":{"loc":{"start":{"line":74,"column":19},"end":{"line":74,"column":68}},"type":"binary-expr","locations":[{"start":{"line":74,"column":19},"end":{"line":74,"column":39}},{"start":{"line":74,"column":43},"end":{"line":74,"column":68}}],"line":74},"7":{"loc":{"start":{"line":84,"column":8},"end":{"line":85,"column":122}},"type":"if","locations":[{"start":{"line":84,"column":8},"end":{"line":85,"column":122}},{"start":{},"end":{}}],"line":84},"8":{"loc":{"start":{"line":100,"column":16},"end":{"line":100,"column":67}},"type":"if","locations":[{"start":{"line":100,"column":16},"end":{"line":100,"column":67}},{"start":{},"end":{}}],"line":100}},"s":{"0":0,"1":0,"2":0,"3":0,"4":0,"5":0,"6":0,"7":0,"8":0,"9":0,"10":0,"11":0,"12":0,"13":0,"14":0,"15":0,"16":0,"17":0,"18":0,"19":0,"20":0,"21":0,"22":0,"23":0,"24":0,"25":0,"26":0,"27":0,"28":0,"29":0,"30":0,"31":0,"32":0,"33":0,"34":0,"35":0,"36":0,"37":0,"38":0,"39":0,"40":0,"41":0,"42":0,"43":0,"44":0,"45":0,"46":0,"47":0,"48":0,"49":0,"50":0,"51":0,"52":0,"53":0,"54":0,"55":0,"56":0,"57":0},"f":{"0":0,"1":0,"2":0,"3":0,"4":0,"5":0,"6":0},"b":{"0":
[...]
0,"67":0,"68":0,"69":0,"70":0,"71":0,"72":0,"73":0,"74":0,"75":0,"76":0,"77":0,"78":0,"79":0,"80":0,"81":0,"82":0,"83":0,"84":0,"85":0,"86":0,"87":0,"88":0,"89":0,"90":0,"91":0,"92":0,"93":0,"94":0,"95":0,"96":0,"97":0,"98":1,"99":0,"100":0,"101":0,"102":0,"103":0,"104":0,"105":0,"106":0,"107":0,"108":0,"109":0,"110":0,"111":0,"112":0,"113":0,"114":0,"115":0,"116":0,"117":0,"118":0,"119":0,"120":0,"121":0,"122":0,"123":0,"124":0,"125":0,"126":0,"127":0,"128":0,"129":0,"130":0,"131":0,"132":0,"133":0,"134":0,"135":0,"136":0,"137":0,"138":0,"139":0,"140":0,"141":0,"142":0,"143":0,"144":0,"145":0,"146":0,"147":0,"148":0,"149":0,"150":0,"151":0,"152":0,"153":0,"154":0,"155":0,"156":0,"157":0,"158":0,"159":0,"160":0,"161":0,"162":0,"163":0,"164":0,"165":0,"166":0,"167":0,"168":0,"169":0,"170":0,"171":0,"172":0,"173":0,"174":0,"175":0,"176":0,"177":0,"178":0,"179":0,"180":0,"181":0,"182":0,"183":0,"184":0,"185":0,"186":0,"187":0,"188":0,"189":0,"190":0,"191":0,"192":0,"193":0,"194":0,"195":0,"196":0,"197":0,"198":0,"199":0,"200":0,"201":0,"202":0,"203":0,"204":0,"205":0,"206":0,"207":0,"208":0,"209":0,"210":0,"211":0,"212":0,"213":0,"214":0,"215":0,"216":0,"217":0,"218":0,"219":0,"220":0,"221":0,"222":0,"223":0,"224":0,"225":0,"226":0,"227":0,"228":0,"229":0,"230":0,"231":0,"232":0,"233":0,"234":0,"235":0,"236":0,"237":0,"238":0,"239":0},"f":{"0":0,"1":0,"2":0,"3":0,"4":0,"5":0,"6":0,"7":0,"8":0,"9":0,"10":0,"11":0,"12":0,"13":0,"14":0,"15":0,"16":0,"17":0,"18":0,"19":0,"20":0,"21":0,"22":0,"23":0,"24":0,"25":0,"26":0},"b":{"0":[0],"1":[0,0],"2":[0,0],"3":[0,0],"4":[0,0],"5":[0,0],"6":[0,0],"7":[0,0],"8":[0,0],"9":[0,0],"10":[0,0],"11":[0,0],"12":[0,0],"13":[0,0],"14":[0,0],"15":[0,0],"16":[0,0],"17":[0,0],"18":[0,0],"19":[0,0],"20":[0,0],"21":[0,0],"22":[0,0],"23":[0,0],"24":[0,0],"25":[0,0],"26":[0,0],"27":[0,0],"28":[0,0],"29":[0,0],"30":[0,0],"31":[0,0],"32":[0,0],"33":[0,0],"34":[0,0,0,0],"35":[0,0],"36":[0,0],"37":[0,0],"38":[0,0],"39":[0,0],"40":[0,0],"41":[0,0],"42":[0,0],"43":[0,0],"44":[0,0],"45":[0,0],"46":[0,0],"47":[0,0],"48":[0,0],"49":[0,0]},"_coverageSchema":"1a1c01bbd47fc00a2c39e90264f33305004495a9","hash":"f893bf928f2ffd54e7786a86033cde70aecd6118"}
,"D:\\OneDrive\\OneDrive - id.uff.br\\Faculdade\\2023.1\\Engenharia de Software II\\Projeto-War\\src\\webgl\\mesh.js": {"path":"D:\\OneDrive\\OneDrive - id.uff.br\\Faculdade\\2023.1\\Engenharia de Software II\\Projeto-War\\src\\webgl\\mesh.js","statementMap":{"0":{"start":{"line":7,"column":15},"end":{"line":7,"column":30}},"1":{"start":{"line":8,"column":15},"end":{"line":8,"column":30}},"2":{"start":{"line":9,"column":12},"end":{"line":9,"column":27}},"3":{"start":{"line":11,"column":19},"end":{"line":11,"column":32}},"4":{"start":{"line":13,"column":18},"end":{"line":13,"column":20}},"5":{"start":{"line":15,"column":18},"end":{"line":15,"column":22}},"6":{"start":{"line":16,"column":18},"end":{"line":16,"column":22}},"7":{"start":{"line":18,"column":15},"end":{"line":18,"column":19}},"8":{"start":{"line":27,"column":16},"end":{"line":27,"column":18}},"9":{"start":{"line":29,"column":19},"end":{"line":29,"column":24}},"10":{"start":{"line":31,"column":19},"end":{"line":31,"column":24}},"11":{"start":{"line":34,"column":8},"end":{"line":34,"column":33}},"12":{"start":{"line":35,"column":8},"end":{"line":35,"column":33}},"13":{"start":{"line":39,"column":8},"end":{"line":40,"column":71}},"14":{"start":{"line":40,"column":12},"end":{"line":40,"column":71}},"15":{"start":{"line":42,"column":8},"end":{"line":45,"column":11}},"16":{"start":{"line":43,"column":12},"end":{"line":44,"column":70}},"17":{"start":{"line":44,"column":16},"end":{"line":44,"column":70}},"18":{"start":{"line":47,"column":22},"end":{"line":47,"column":42}},"19":{"start":{"line":49,"column":8},"end":{"line":52,"column":83}},"20":{"start":{"line":49,"column":25},"end":{"line":49,"column":45}},"21":{"start":{"line":51,"column":13},"end":{"line":52,"column":83}},"22":{"start":{"line":52,"column":12},"end":{"line":52,"column":83}},"23":{"start":{"line":54,"column":25},"end":{"line":54,"column":47}},"24":{"start":{"line":56,"column":8},"end":{"line":60,"column":10}},"25":{"start":{"line":62,"column":8},"end":{"line":62,"column":34}},"26":{"start":{"line":66,"column":8},"end":{"line":66,"column":36}},"27":{"start":{"line":68,"column":8},"end":{"line":68,"column":22}},"28":{"start":{"line":71,"column":8},"end":{"line":71,"column":57}},"29":{"start":{"line":75,"column":8},"end":{"line":75,"column":96}},"30":{"start":{"line":76,"column":8},"end":{"line":76,"column":98}},"31":{"start":{"line":77,"column":8},"end":{"line":77,"column":91}},"32":{"start":{"line":79,"column":8},"end":{"line":79,"column":43}},"33":{"start":{"line":83,"column":8},"end":{"line":83,"column":71}},"34":{"start":{"line":87,"column":8},"end":{"line":87,"column":41}},"35":{"start":{"line":89,"column":8},"end":{"line":89,"column":76}},"36":{"start":{"line":90,"column":8},"end":{"line":90,"column":77}},"37":{"start":{"line":91,"column":8},"end":{"line":91,"column":77}},"38":{"start":{"line":92,"column":8},"end":{"line":92,"column":77}},"39":{"start":{"line":93,"column":8},"end":{"line":93,"column":69}},"40":{"start":{"line":97,"column":25},"end":{"line":97,"column":76}},"41":{"start":{"line":98,"column":22},"end":{"line":98,"column":77}},"42":{"start":{"line":99,"column":23},"end":{"line":99,"column":72}},"43":{"start":{"line":101,"column":24},"end":{"line":101,"column":74}},"44":{"start":{"line":102,"column":28},"end":{"line":102,"column":88}},"45":{"start":{"line":103,"column":30},"end":{"line":103,"column":86}},"46":{"start":{"line":105,"column":8},"end":{"line":126,"column":9}},"47":{"start":{"line":106,"column":12},"end":{"line":106,"column":74}},"48":{"start":{"line":107,"column":14},"end":{"line":126,"column":9}},"49":{"start":{"line":108,"column":23},"end":{"line":108,"column":36}},"50":{"start":{"line":110,"column":12},"end":{"line":113,"column":49}},"51":{"start":{"line":111,"column":16},"end":{"line":111,"column":72}},"52":{"start":{"line":113,"column":16},"end":{"line":113,"column":49}},"53":{"start":{"line":115,"column":12},"end":{"line":115,"column":56}},"54":{"start":{"line":117,"column":14},"end":{"line":126,"column":9}},"55":{"start":{"line":118,"column":24},"end":{"line":118,"column":37}},"56":{"start":{"line":120,"column":12},"end":{"line":123,"column":50}},"57":{"start":{"line":121,"column":16},"end":{"line":121,"column":77}},"58":{"start":{"line":123,"column":16},"end":{"line":123,"column":50}},"59":{"start":{"line":125,"column":12},"end":{"line":125,"column":58}},"60":{"start":{"line":128,"column":8},"end":{"line":129,"column":74}},"61":{"start":{"line":129,"column":12},"end":{"line":129,"column":74}},"62":{"start":{"line":131,"column":8},"end":{"line":132,"column":74}},"63":{"start":{"line":132,"column":12},"end":{"line":132,"column":74}},"64":{"start":{"line":134,"column":8},"end":{"line":135,"column":78}},"65":{"start":{"line":135,"column":12},"end":{"line":135,"column":78}},"66":{"start":{"line":139,"column":25},"end":{"line":139,"column":80}},"67":{"start":{"line":141,"column":8},"end":{"line":142,"column":89}},"68":{"start":{"line":142,"column":12},"end":{"line":142,"column":89}},"69":{"start":{"line":144,"column":24},"end":{"line":144,"column":80}},"70":{"start":{"line":146,"column":8},"end":{"line":146,"column":37}},"71":{"start":{"line":148,"column":21},"end":{"line":148,"column":46}},"72":{"start":{"line":150,"column":8},"end":{"line":150,"column":59}},"73":{"start":{"line":151,"column":8},"end":{"line":151,"column":80}},"74":{"start":{"line":153,"column":8},"end":{"line":153,"column":101}},"75":{"start":{"line":154,"column":8},"end":{"line":154,"column":101}},"76":{"start":{"line":155,"column":8},"end":{"line":155,"column":99}},"77":{"start":{"line":156,"column":8},"end":{"line":156,"column":99}},"78":{"start":{"line":158,"column":8},"end":{"line":158,"column":110}},"79":{"start":{"line":160,"column":8},"end":{"line":160,"column":43}},"80":{"start":{"line":161,"column":8},"end":{"line":161,"column":49}},"81":{"start":{"line":163,"column":8},"end":{"line":163,"column":49}},"82":{"start":{"line":165,"column":8},"end":{"line":165,"column":56}},"83":{"start":{"line":169,"column":8},"end":{"line":171,"column":10}},"84":{"start":{"line":170,"column":12},"end":{"line":170,"column":35}},"85":{"start":{"line":175,"column":27},"end":{"line":175,"column":75}},"86":{"start":{"line":177,"column":8},"end":{"line":178,"column":78}},"87":{"start":{"line":178,"column":12},"end":{"line":178,"column":78}},"88":{"start":{"line":180,"column":8},"end":{"line":180,"column":43}},"89":{"start":{"line":182,"column":8},"end":{"line":185,"column":56}},"90":{"start":{"line":183,"column":12},"end":{"line":183,"column":63}},"91":{"start":{"line":185,"column":12},"end":{"line":185,"column":56}},"92":{"start":{"line":189,"column":8},"end":{"line":192,"column":9}},"93":{"start":{"line":190,"column":12},"end":{"line":190,"column":37}},"94":{"start":{"line":191,"column":12},"end":{"line":191,"column":30}},"95":{"start":{"line":194,"column":8},"end":{"line":194,"column":41}},"96":{"start":{"line":196,"column":8},"end":{"line":196,"column":44}},"97":{"start":{"line":197,"column":8},"end":{"line":197,"column":41}},"98":{"start":{"line":199,"column":8},"end":{"line":202,"column":9}},"99":{"start":{"line":200,"column":12},"end":{"line":200,"column":49}},"100":{"start":{"line":201,"column":12},"end":{"line":201,"column":46}},"101":{"start":{"line":204,"column":8},"end":{"line":204,"column":33}},"102":{"start":{"line":206,"column":8},"end":{"line":206,"column":47}},"103":{"start":{"line":208,"column":8},"end":{"line":208,"column":43}},"104":{"start":{"line":210,"column":8},"end":{"line":210,"column":26}},"105":{"start":{"line":212,"column":8},"end":{"line":212,"column":28}},"106":{"start":{"line":214,"column":8},"end":{"line":214,"column":61}},"107":{"start":{"line":216,"column":8},"end":{"line":216,"column":45}},"108":{"start":{"line":218,"column":8},"end":{"line":219,"column":49}},"109":{"start":{"line":219,"column":12},"end":{"line":219,"column":49}},"110":{"start":{"line":223,"column":8},"end":{"line":223,"column":27}},"111":{"start":{"line":231,"column":15},"end":{"line":231,"column":20}},"112":{"start":{"line":234,"column":8},"end":{"line":234,"column":32}},"113":{"start":{"line":235,"column":8},"end":{"line":235,"column":32}},"114":{"start":{"line":236,"column":8},"end":{"line":236,"column":26}},"115":{"start":{"line":240,"column":8},"end":{"line":240,"column":29}},"116":{"start":{"line":244,"column":8},"end":{"line":244,"column":29}},"117":{"start":{"line":248,"column":8},"end":{"line":248,"column":26}},"118":{"start":{"line":252,"column":8},"end":{"line":252,"column":29}},"119":{"start":{"line":253,"column":8},"end":{"line":253,"column":29}},"120":{"start":{"line":257,"column":8},"end":{"line":257,"column":53}},"121":{"start":{"line":259,"column":8},"end":{"line":262,"column":9}},"122":{"start":{"line":260,"column":12},"end":{"line":260,"column":87}},"123":{"start":{"line":261,"column":12},"end":{"line":261,"column":34}}},"fnMap":{"0":{"name":"(anonymous_0)","decl":{"start":{"line":33,"column":4},"end":{"line":33,"column":5}},"loc":{"start":{"line":33,"column":21},"end":{"line":36,"column":5}},"line":33},"1":{"name":"(anonymous_1)","decl":{"start":{"line":38,"column":4},"end":{"line":38,"column":5}},"loc":{"start":{"line":38,"column":42},"end":{"line":63,"column":5}},"line":38},"2":{"name":"(anonymous_2)","decl":{"start":{"line":42,"column":21},"end":{"line":42,"column":22}},"loc":{"start":{"line":42,"column":28},"end":{"line":45,"column":9}},"line":42},"3":{"name":"(anonymous_3)","decl":{"start":{"line":65,"column":4},"end":{"line":65,"column":5}},"loc":{"start":{"line":65,"column":60},"end":{"line":72,"column":5}},"line":65},"4":{"name":"(anonymous_4)","decl":{"start":{"line":86,"column":4},"end":{"line":86,"column":5}},"loc":{"start":{"line":86,"column":23},"end":{"line":94,"column":5}},"line":86},"5":{"name":"(anonymous_5)","decl":{"start":{"line":96,"column":4},"end":{"line":96,"column":5}},"loc":{"start":{"line":96,"column":19},"end":{"line":136,"column":5}},"line":96},"6":{"name":"(anonymous_6)","decl":{"start":{"line":138,"column":4},"end":{"line":138,"column":5}},"loc":{"start":{"line":138,"column":35},"end":{"line":166,"column":5}},"line":138},"7":{"name":"(anonymous_7)","decl":{"start":{"line":168,"column":4},"end":{"line":168,"column":5}},"loc":{"start":{"line":168,"column":18},"end":{"line":172,"column":5}},"line":168},"8":{"name":"(anonymous_8)","decl":{"start":{"line":169,"column":31},"end":{"line":169,"column":32}},"loc":{"start":{"line":169,"column":41},"end":{"line":171,"column":9}},"line":169},"9":{"name":"(anonymous_9)","decl":{"start":{"line":174,"column":4},"end":{"line":174,"column":5}},"loc":{"start":{"line":174,"column":38},"end":{"line":186,"column":5}},"line":174},"10":{"name":"(anonymous_10)","decl":{"start":{"line":188,"column":4},"end":{"line":188,"column":5}},"loc":{"start":{"line":188,"column":13},"end":{"line":220,"column":5}},"line":188},"11":{"name":"(anonymous_11)","decl":{"start":{"line":222,"column":4},"end":{"line":222,"column":5}},"loc":{"start":{"line":222,"column":47},"end":{"line":224,"column":5}},"line":222},"12":{"name":"(anonymous_12)","decl":{"start":{"line":233,"column":4},"end":{"line":233,"column":5}},"loc":{"start":{"line":233,"column":39},"end":{"line":237,"column":5}},"line":233},"13":{"name":"(anonymous_13)","decl":{"start":{"line":239,"column":4},"end":{"line":239,"column":5}},"loc":{"start":{"line":239,"column":17},"end":{"line":241,"column":5}},"line":239},"14":{"name":"(anonymous_14)","decl":{"start":{"line":243,"column":4},"end":{"line":243,"column":5}},"loc":{"start":{"line":243,"column":17},"end":{"line":245,"column":5}},"line":243},"15":{"name":"(anonymous_15)","decl":{"start":{"line":247,"column":4},"end":{"line":247,"column":5}},"loc":{"start":{"line":247,"column":14},"end":{"line":249,"column":5}},"line":247},"16":{"name":"(anonymous_16)","decl":{"start":{"line":251,"column":4},"end":{"line":251,"column":5}},"loc":{"start":{"line":251,"column":21},"end":{"line":254,"column":5}},"line":251},"17":{"name":"(anonymous_17)","decl":{"start":{"line":256,"column":4},"end":{"line":256,"column":5}},"loc":{"start":{"line":256,"column":12},"end":{"line":263,"column":5}},"line":256}},"branchMap":{"0":{"loc":{"start":{"line":38,"column":29},"end":{"line":38,"column":41}},"type":"default-arg","locations":[{"start":{"line":38,"column":40},"end":{"line":38,"column":41}}],"line":38},"1":{"loc":{"start":{"line":39,"column":8},"end":{"line":40,"column":71}},"type":"if","locations":[{"start":{"line":39,"column":8},"end":{"line":40,"column":71}},{"start":{},"end":{}}],"line":39},"2":{"loc":{"start":{"line":43,"column":12},"end":{"line":44,"column":70}},"type":"if","locations":[{"start":{"line":43,"column":12},"end":{"line":44,"column":70}},{"start":{},"end":{}}],"line":43},"3":{"loc":{"start":{"line":49,"column":8},"end":{"line":52,"column":83}},"type":"if","locations":[{"start":{"line":49,"column":8},"end":{"line":52,"column":83}},{"start":{"line":51,"column":13},"end":{"line":52,"column":83}}],"line":49},"4":{"loc":{"start":{"line":51,"column":13},"end":{"line":52,"column":83}},"type":"if","locations":[{"start":{"line":51,"column":13},"end":{"line":52,"column":83}},{"start":{},"end":{}}],"line":51},"5":{"loc":{"start":{"line":105,"column":8},"end":{"line":126,"column":9}},"type":"if","locations":[{"start":{"line":105,"column":8},"end":{"line":126,"column":9}},{"start":{"line":107,"column":14},"end":{"line":126,"column":9}}],"line":105},"6":{"loc":{"start":{"line":107,"column":14},"end":{"line":126,"column":9}},"type":"if","locations":[{"start":{"line":107,"column":14},"end":{"line":126,"column":9}},{"start":{"line":117,"column":14},"end":{"line":126,"column":9}}],"line":107},"7":{"loc":{"start":{"line":110,"column":12},"end":{"line":113,"column":49}},"type":"if","locations":[{"start":{"line":110,"column":12},"end":{"line":113,"column":49}},{"start":{"line":113,"column":16},"end":{"line":113,"column":49}}],"line":110},"8":{"loc":{"start":{"line":117,"column":14},"end":{"line":126,"column":9}},"type":"if","locations":[{"start":{"line":117,"column":14},"end":{"line":126,"column":9}},{"start":{},"end":{}}],"line":117},"9":{"loc":{"start":{"line":120,"column":12},"end":{"line":123,"column":50}},"type":"if","locations":[{"start":{"line":120,"column":12},"end":{"line":123,"column":50}},{"start":{"line":123,"column":16},"end":{"line":123,"column":50}}],"line":120},"10":{"loc":{"start":{"line":128,"column":8},"end":{"line":129,"column":74}},"type":"if","locations":[{"start":{"line":128,"column":8},"end":{"line":129,"column":74}},{"start":{},"end":{}}],"line":128},"11":{"loc":{"start":{"line":131,"column":8},"end":{"line":132,"column":74}},"type":"if","locations":[{"start":{"line":131,"column":8},"end":{"line":132,"column":74}},{"start":{},"end":{}}],"line":131},"12":{"loc":{"start":{"line":134,"column":8},"end":{"line":135,"column":78}},"type":"if","locations":[{"start":{"line":134,"column":8},"end":{"line":135,"column":78}},{"start":{},"end":{}}],"line":134},"13":{"loc":{"start":{"line":141,"column":8},"end":{"line":142,"column":89}},"type":"if","locations":[{"start":{"line":141,"column":8},"end":{"line":142,"column":89}},{"start":{},"end":{}}],"line":141},"14":{"loc":{"start":{"line":177,"column":8},"end":{"line":178,"column":78}},"type":"if","locations":[{"start":{"line":177,"column":8},"end":{"line":178,"column":78}},{"start":{},"end":{}}],"line":177},"15":{"loc":{"start":{"line":182,"column":8},"end":{"line":185,"column":56}},"type":"if","locations":[{"start":{"line":182,"column":8},"end":{"line":185,"column":56}},{"start":{"line":185,"column":12},"end":{"line":185,"column":56}}],"line":182},"16":{"loc":{"start":{"line":189,"column":8},"end":{"line":192,"column":9}},"type":"if","locations":[{"start":{"line":189,"column":8},"end":{"line":192,"column":9}},{"start":{},"end":{}}],"line":189},"17":{"loc":{"start":{"line":199,"column":8},"end":{"line":202,"column":9}},"type":"if","locations":[{"start":{"line":199,"column":8},"end":{"line":202,"column":9}},{"start":{},"end":{}}],"line":199},"18":{"loc":{"start":{"line":218,"column":8},"end":{"line":219,"column":49}},"type":"if","locations":[{"start":{"line":218,"column":8},"end":{"line":219,"column":49}},{"start":{},"end":{}}],"line":218},"19":{"loc":{"start":{"line":259,"column":8},"end":{"line":262,"column":9}},"type":"if","locations":[{"start":{"line":259,"column":8},"end":{"line":262,"column":9}},{"start":{},"end":{}}],"line":259}},"s":{"0":0,"1":0,"2":0,"3":0,"4":0,"5":0,"6":0,"7":0,"8":0,"9":0,"10":0,"11":0,"12":0,"13":0,"14":0,"15":0,"16":0,"17":0,"18":0,"19":0,"20":0,"21":0,"22":0,"23":0,"24":0,"25":0,"26":0,"27":0,"28":0,"29":0,"30":0,"31":0,"32":0,"33":0,"34":0,"35":0,"36":0,"37":0,"38":0,"39":0,"40":0,"41":0,"42":0,"43":0,"44":0,"45":0,"46":0,"47":0,"48":0,"49":0,"50":0,"51":0,"52":0,"53":0,"54":0,"55":0,"56":0,"57":0,"58":0,"59":0,"60":0,"61":0,"62":0,"63":0,"64":0,"65":0,"66":0,"67":0,"68":0,"69":0,"70":0,"71":0,"72":0,"73":0,"74":0,"75":0,"76":0,"77":0,"78":0,"79":0,"80":0,"81":0,"82":0,"83":0,"84":0,"85":0,"86":0,"87":0,"88":0,"89":0,"90":0,"91":0,"92":0,"93":0,"94":0,"95":0,"96":0,"97":0,"98":0,"99":0,"100":0,"101":0,"102":0,"103":0,"104":0,"105":0,"106":0,"107":0,"108":0,"109":0,"110":0,"111":0,"112":0,"113":0,"114":0,"115":0,"116":0,"117":0,"118":0,"119":0,"120":0,"121":0,"122":0,"123":0},"f":{"0":0,"1":0,"2":0,"3":0,"4":0,"5":0,"6":0,"7":0,"8":0,"9":0,"10":0,"11":0,"12":0,"13":0,"14":0,"15":0,"16":0,"17":0},"b":{"0":[0],"1":[0,0],"2":[0,0],"3":[0,0],"4":[0,0],"5":[0,0],"6":[0,0],"7":[0,0],"8":[0,0],"9":[0,0],"10":[0,0],"11":[0,0],"12":[0,0],"13":[0,0],"14":[0,0],"15":[0,0],"16":[0,0],"17":[0,0],"18":[0,0],"19":[0,0]},"_coverageSchema":"1a1c01bbd47fc00a2c39e90264f33305004495a9","hash":"d3ba75b61025777ecc74bfc322c14e6868c3c817"}
}
